#
# A fatal error has been detected by the Java Runtime Environment:
#
#  EXCEPTION_ACCESS_VIOLATION (0xc0000005) at pc=0x00007ffc1d60d5a1, pid=4076, tid=11916
#
# JRE version: Java(TM) SE Runtime Environment (21.0.6+8) (build 21.0.6+8-LTS-188)
# Java VM: Java HotSpot(TM) 64-Bit Server VM (21.0.6+8-LTS-188, mixed mode, sharing, tiered, compressed oops, compressed class ptrs, g1 gc, windows-amd64)
# Problematic frame:
# V  [jvm.dll+0x13d5a1]
#
# No core dump will be written. Minidumps are not enabled by default on client versions of Windows
#
# If you would like to submit a bug report, please visit:
#   https://bugreport.java.com/bugreport/crash.jsp
#

---------------  S U M M A R Y ------------

Command Line: --add-opens=java.base/java.lang=ALL-UNNAMED --add-opens=java.base/java.lang.invoke=ALL-UNNAMED --add-opens=java.base/java.util=ALL-UNNAMED --add-opens=java.prefs/java.util.prefs=ALL-UNNAMED --add-exports=jdk.compiler/com.sun.tools.javac.api=ALL-UNNAMED --add-exports=jdk.compiler/com.sun.tools.javac.util=ALL-UNNAMED --add-opens=java.base/java.util=ALL-UNNAMED --add-opens=java.prefs/java.util.prefs=ALL-UNNAMED --add-opens=java.base/java.nio.charset=ALL-UNNAMED --add-opens=java.base/java.net=ALL-UNNAMED --add-opens=java.base/java.util.concurrent.atomic=ALL-UNNAMED --add-opens=java.xml/javax.xml.namespace=ALL-UNNAMED -XX:MaxMetaspaceSize=384m -XX:+HeapDumpOnOutOfMemoryError -Xms256m -Xmx512m -Dfile.encoding=UTF-8 -Duser.country=MX -Duser.language=es -Duser.variant -javaagent:C:\Users\daniel\.gradle\wrapper\dists\gradle-8.12.1-bin\eumc4uhoysa37zql93vfjkxy0\gradle-8.12.1\lib\agents\gradle-instrumentation-agent-8.12.1.jar org.gradle.launcher.daemon.bootstrap.GradleDaemon 8.12.1

Host: Intel(R) Core(TM) i5-3470T CPU @ 2.90GHz, 4 cores, 7G,  Windows 10 , 64 bit Build 19041 (10.0.19041.5440)
Time: Wed Feb 12 21:26:23 2025 Hora est. Pacífico, Sudamérica elapsed time: 44.467270 seconds (0d 0h 0m 44s)

---------------  T H R E A D  ---------------

Current thread (0x000001c17c70b4c0):  WorkerThread "GC Thread#2"    [id=11916, stack(0x00000063bcb00000,0x00000063bcc00000) (1024K)]

Stack: [0x00000063bcb00000,0x00000063bcc00000],  sp=0x00000063bcbff478,  free space=1021k
Native frames: (J=compiled Java code, j=interpreted, Vv=VM code, C=native code)
V  [jvm.dll+0x13d5a1]


siginfo: EXCEPTION_ACCESS_VIOLATION (0xc0000005), reading address 0x00000000000200ff


Registers:
RAX=0x000000000001ffff, RBX=0x0000000000000001, RCX=0x000001c11a03d830, RDX=0x00000000edb86900
RSP=0x00000063bcbff478, RBP=0x0000000000000e50, RSI=0x000001c17e7ff100, RDI=0x0000000000000001
R8 =0x000001c11a03d830, R9 =0x0000000000000001, R10=0x000001c11a000000, R11=0x0000000000000001
R12=0x000000000000000d, R13=0x000001c11a03d830, R14=0x00000000edb86900, R15=0x000001c137e8a880
RIP=0x00007ffc1d60d5a1, EFLAGS=0x0000000000010202


Register to memory mapping:

RAX=0x000000000001ffff is an unknown value
RBX=0x0000000000000001 is an unknown value
RCX=0x000001c11a03d830 is pointing into metadata
RDX=
[error occurred during error reporting (printing register info), id 0xc0000005, EXCEPTION_ACCESS_VIOLATION (0xc0000005) at pc=0x00007ffc1d60d536]
RSP=0x00000063bcbff478 points into unknown readable memory: 0x00007ffc1d8259db | db 59 82 1d fc 7f 00 00
RBP=0x0000000000000e50 is an unknown value
RSI=0x000001c17e7ff100 points into unknown readable memory: 0x0000000000000000 | 00 00 00 00 00 00 00 00
RDI=0x0000000000000001 is an unknown value
R8 =0x000001c11a03d830 is pointing into metadata
R9 =0x0000000000000001 is an unknown value
R10=0x000001c11a000000 is pointing into metadata
R11=0x0000000000000001 is an unknown value
R12=0x000000000000000d is an unknown value
R13=0x000001c11a03d830 is pointing into metadata
R14=
[error occurred during error reporting (printing register info, attempt 2), id 0xc0000005, EXCEPTION_ACCESS_VIOLATION (0xc0000005) at pc=0x00007ffc1d60d536]
R15=0x000001c137e8a880 points into unknown readable memory: 0x00007ffc1dea8578 | 78 85 ea 1d fc 7f 00 00

Top of Stack: (sp=0x00000063bcbff478)
0x00000063bcbff478:   00007ffc1d8259db 0000000000000001
0x00000063bcbff488:   0000000000000001 0000000000000001
0x00000063bcbff498:   0000000000000002 00000000e5c29184
0x00000063bcbff4a8:   00007ffc1d823d89 0000000000000001
0x00000063bcbff4b8:   000001c17e8ad2c0 000001c137e8a898
0x00000063bcbff4c8:   000001c17e8b2539 000001c137e8aa08
0x00000063bcbff4d8:   0000000000000000 0000000000000040
0x00000063bcbff4e8:   000001c1197d3470 000000000000000d
0x00000063bcbff4f8:   000001c137e8a880 000001c17e7ff100
0x00000063bcbff508:   0000000000000e50 00000000e5c2cce8
0x00000063bcbff518:   00007ffc1d826c73 00000000edbe0000
0x00000063bcbff528:   0000000000000001 000001c100000000
0x00000063bcbff538:   0000000000000038 00000000e213e200
0x00000063bcbff548:   0000000000000021 00000063bcbff740
0x00000063bcbff558:   00000000e213fc00 00000063bcbff740
0x00000063bcbff568:   00007ffc1d82334e 00000000e213fc00
0x00000063bcbff578:   000001c137e8a880 00000000e213a600
0x00000063bcbff588:   0000000000000100 000000001a778e44
0x00000063bcbff598:   0000001de5a85d03 000000000000000d
0x00000063bcbff5a8:   00000063bcbff740 000001c17e8567e0
0x00000063bcbff5b8:   00007ffc1d82ffcb 0000000000000021
0x00000063bcbff5c8:   000001c17e8567e0 00000063bcbff740
0x00000063bcbff5d8:   00007ffc1db9337f 00000000e213e200
0x00000063bcbff5e8:   0000000000000340 00007ffc1dea97a0
0x00000063bcbff5f8:   0000000000000000 000001c17e7f59d0
0x00000063bcbff608:   000001c137e8a880 00000063bcbff790
0x00000063bcbff618:   00007ffc1dcda037 000001c17f7ecbc0
0x00000063bcbff628:   000001c17e8c0a00 000001c17e7e41d0
0x00000063bcbff638:   00007ffc1d831c89 00000063bcbff6c0
0x00000063bcbff648:   00007ffc1d81a172 0000000000000000
0x00000063bcbff658:   000001c17e8c09fe 0000000000000000
0x00000063bcbff668:   0000000000000000 000001c17e7fcf50 

Instructions: (pc=0x00007ffc1d60d5a1)
0x00007ffc1d60d4a1:   08 8b 0d d0 fa a7 00 49 d3 e0 4c 03 05 be fa a7
0x00007ffc1d60d4b1:   00 eb 04 4c 8b 41 08 45 8b 48 08 45 85 c9 7e 0e
0x00007ffc1d60d4c1:   41 f6 c1 01 75 53 41 c1 f9 03 49 63 c1 c3 79 49
0x00007ffc1d60d4d1:   84 c0 41 b8 0c 00 00 00 8b 05 d9 0b a8 00 b9 10
0x00007ffc1d60d4e1:   00 00 00 41 0f 45 c8 ff c8 4c 63 c0 41 8b c1 48
0x00007ffc1d60d4f1:   c1 f8 10 0f b6 c0 48 63 14 11 41 8b c9 83 e1 3f
0x00007ffc1d60d501:   48 d3 e2 49 8d 0c 10 49 f7 d0 48 03 c1 49 c1 e8
0x00007ffc1d60d511:   03 48 c1 e8 03 49 23 c0 c3 49 8b 00 49 8b c8 48
0x00007ffc1d60d521:   ff a0 00 01 00 00 cc cc cc cc cc cc cc cc cc 4c
0x00007ffc1d60d531:   8b c2 48 8b d1 45 8b 48 08 45 85 c9 7e 0e 41 f6
0x00007ffc1d60d541:   c1 01 75 56 41 c1 f9 03 49 63 c1 c3 79 4c 80 3d
0x00007ffc1d60d551:   44 10 a8 00 00 b8 0c 00 00 00 b9 10 00 00 00 0f
0x00007ffc1d60d561:   45 c8 8b 05 4f 0b a8 00 ff c8 4c 63 c0 41 8b c1
0x00007ffc1d60d571:   48 c1 f8 10 48 63 14 11 41 8b c9 83 e1 3f 0f b6
0x00007ffc1d60d581:   c0 48 d3 e2 49 8d 0c 10 49 f7 d0 48 03 c1 49 c1
0x00007ffc1d60d591:   e8 03 48 c1 e8 03 49 23 c0 c3 49 8b 00 49 8b c8
0x00007ffc1d60d5a1:   48 ff a0 00 01 00 00 cc cc cc cc cc cc cc cc 48
0x00007ffc1d60d5b1:   83 ec 28 ba 37 00 00 00 48 8d 0d 88 96 85 00 e8
0x00007ffc1d60d5c1:   eb 05 14 00 cc cc cc cc cc cc cc cc cc cc cc 40
0x00007ffc1d60d5d1:   53 48 83 ec 20 48 8b d9 49 8b c0 33 c9 45 0f b6
0x00007ffc1d60d5e1:   c1 48 89 0b 48 89 4b 08 48 8b cb 48 89 53 10 48
0x00007ffc1d60d5f1:   8b d0 e8 a8 09 00 00 48 8b c3 48 83 c4 20 5b c3
0x00007ffc1d60d601:   cc cc cc cc cc cc cc cc cc cc cc cc cc cc cc 40
0x00007ffc1d60d611:   53 48 83 ec 20 33 c0 44 88 41 10 45 0f b6 c1 48
0x00007ffc1d60d621:   89 01 48 89 41 08 48 8b d9 e8 81 0a 00 00 48 8b
0x00007ffc1d60d631:   c3 48 83 c4 20 5b c3 cc cc cc cc cc cc cc cc 40
0x00007ffc1d60d641:   53 48 83 ec 20 33 c0 48 8b d9 48 89 01 48 89 41
0x00007ffc1d60d651:   08 e8 09 0c 00 00 48 8b c3 48 83 c4 20 5b c3 48
0x00007ffc1d60d661:   8b c1 48 8b 09 48 85 c9 74 3c 48 8b 40 08 48 83
0x00007ffc1d60d671:   c0 3f 48 c1 e8 06 48 8d 14 c5 00 00 00 00 48 3b
0x00007ffc1d60d681:   15 2a 16 a8 00 0f 82 54 21 f8 ff 48 8b 05 d5 17
0x00007ffc1d60d691:   b0 00 48 ff ca 48 03 d0 48 ff c8 48 f7 d0 48 23 


Stack slot to memory mapping:

stack at sp + 0 slots: 0x00007ffc1d8259db jvm.dll
stack at sp + 1 slots: 0x0000000000000001 is an unknown value
stack at sp + 2 slots: 0x0000000000000001 is an unknown value
stack at sp + 3 slots: 0x0000000000000001 is an unknown value
stack at sp + 4 slots: 0x0000000000000002 is an unknown value
stack at sp + 5 slots: 
[error occurred during error reporting (inspecting top of stack), id 0xc0000005, EXCEPTION_ACCESS_VIOLATION (0xc0000005) at pc=0x00007ffc1d60d536]
stack at sp + 6 slots: 0x00007ffc1d823d89 jvm.dll
stack at sp + 7 slots: 0x0000000000000001 is an unknown value


---------------  P R O C E S S  ---------------

Threads class SMR info:
_java_thread_list=0x000001c135dfe930, length=92, elements={
0x000001c17c735de0, 0x000001c17f7bd6d0, 0x000001c17f7be3f0, 0x000001c17f7c34f0,
0x000001c17f7c3f40, 0x000001c17f7c4990, 0x000001c17f7c5c50, 0x000001c17f7cdf00,
0x000001c17f7d2d60, 0x000001c17f796ce0, 0x000001c1196f09a0, 0x000001c1344b0da0,
0x000001c1195476a0, 0x000001c133760fa0, 0x000001c1197464a0, 0x000001c119767800,
0x000001c119526320, 0x000001c134563050, 0x000001c119527570, 0x000001c13465b6c0,
0x000001c13465ca70, 0x000001c13465bd50, 0x000001c13465c3e0, 0x000001c13465d790,
0x000001c13465d100, 0x000001c13465de20, 0x000001c13465e4b0, 0x000001c13465b030,
0x000001c135a4bd70, 0x000001c135a46190, 0x000001c135a44de0, 0x000001c135a48f80,
0x000001c135a4a9c0, 0x000001c135a488f0, 0x000001c135a46820, 0x000001c135a47bd0,
0x000001c135a49610, 0x000001c135a4c400, 0x000001c135a47540, 0x000001c135a45470,
0x000001c135a48260, 0x000001c135a4a330, 0x000001c135a49ca0, 0x000001c133a1d5a0,
0x000001c133a1b4d0, 0x000001c133a1e2c0, 0x000001c133a1dc30, 0x000001c133a1e950,
0x000001c133a1bb60, 0x000001c133a1efe0, 0x000001c133a1f670, 0x000001c133a1c1f0,
0x000001c133a20390, 0x000001c133a1fd00, 0x000001c133a19a90, 0x000001c133a20a20,
0x000001c133a1cf10, 0x000001c133a210b0, 0x000001c133a1a120, 0x000001c133a1a7b0,
0x000001c13712cf80, 0x000001c137127a30, 0x000001c13712c260, 0x000001c13712a190,
0x000001c137128de0, 0x000001c137129470, 0x000001c13712c8f0, 0x000001c13712dca0,
0x000001c1371273a0, 0x000001c13712d610, 0x000001c13712e330, 0x000001c13712a820,
0x000001c13712b540, 0x000001c13712e9c0, 0x000001c1371280c0, 0x000001c137128750,
0x000001c13712bbd0, 0x000001c137b0dce0, 0x000001c137b08100, 0x000001c137b0e370,
0x000001c137b09b40, 0x000001c137b08e20, 0x000001c137b0d650, 0x000001c137b0ea00,
0x000001c137b0a1d0, 0x000001c137b0f090, 0x000001c137b094b0, 0x000001c137b0cfc0,
0x000001c137b0f720, 0x000001c137b08790, 0x000001c137b0b580, 0x000001c137b0a860
}

Java Threads: ( => current thread )
  0x000001c17c735de0 JavaThread "main"                              [_thread_blocked, id=13084, stack(0x00000063bb800000,0x00000063bb900000) (1024K)]
  0x000001c17f7bd6d0 JavaThread "Reference Handler"          daemon [_thread_blocked, id=1240, stack(0x00000063bc000000,0x00000063bc100000) (1024K)]
  0x000001c17f7be3f0 JavaThread "Finalizer"                  daemon [_thread_blocked, id=14732, stack(0x00000063bc100000,0x00000063bc200000) (1024K)]
  0x000001c17f7c34f0 JavaThread "Signal Dispatcher"          daemon [_thread_blocked, id=10312, stack(0x00000063bc200000,0x00000063bc300000) (1024K)]
  0x000001c17f7c3f40 JavaThread "Attach Listener"            daemon [_thread_blocked, id=9400, stack(0x00000063bc300000,0x00000063bc400000) (1024K)]
  0x000001c17f7c4990 JavaThread "Service Thread"             daemon [_thread_blocked, id=18696, stack(0x00000063bc400000,0x00000063bc500000) (1024K)]
  0x000001c17f7c5c50 JavaThread "Monitor Deflation Thread"   daemon [_thread_blocked, id=19960, stack(0x00000063bc500000,0x00000063bc600000) (1024K)]
  0x000001c17f7cdf00 JavaThread "C2 CompilerThread0"         daemon [_thread_blocked, id=18660, stack(0x00000063bc600000,0x00000063bc700000) (1024K)]
  0x000001c17f7d2d60 JavaThread "C1 CompilerThread0"         daemon [_thread_blocked, id=19964, stack(0x00000063bc700000,0x00000063bc800000) (1024K)]
  0x000001c17f796ce0 JavaThread "Common-Cleaner"             daemon [_thread_blocked, id=1556, stack(0x00000063bc800000,0x00000063bc900000) (1024K)]
  0x000001c1196f09a0 JavaThread "Notification Thread"        daemon [_thread_blocked, id=18204, stack(0x00000063bc900000,0x00000063bca00000) (1024K)]
  0x000001c1344b0da0 JavaThread "Daemon health stats"               [_thread_blocked, id=2392, stack(0x00000063bcd00000,0x00000063bce00000) (1024K)]
  0x000001c1195476a0 JavaThread "Incoming local TCP Connector on port 58312"        [_thread_in_native, id=13364, stack(0x00000063bce00000,0x00000063bcf00000) (1024K)]
  0x000001c133760fa0 JavaThread "Daemon periodic checks"            [_thread_blocked, id=488, stack(0x00000063bcf00000,0x00000063bd000000) (1024K)]
  0x000001c1197464a0 JavaThread "Daemon"                            [_thread_blocked, id=14368, stack(0x00000063bd000000,0x00000063bd100000) (1024K)]
  0x000001c119767800 JavaThread "Handler for socket connection from /127.0.0.1:58312 to /127.0.0.1:58313"        [_thread_in_native, id=12568, stack(0x00000063bd100000,0x00000063bd200000) (1024K)]
  0x000001c119526320 JavaThread "Cancel handler"                    [_thread_blocked, id=20400, stack(0x00000063bd200000,0x00000063bd300000) (1024K)]
  0x000001c134563050 JavaThread "Daemon worker"                     [_thread_blocked, id=14304, stack(0x00000063bd300000,0x00000063bd400000) (1024K)]
  0x000001c119527570 JavaThread "Asynchronous log dispatcher for DefaultDaemonConnection: socket connection from /127.0.0.1:58312 to /127.0.0.1:58313"        [_thread_blocked, id=9164, stack(0x00000063bd400000,0x00000063bd500000) (1024K)]
  0x000001c13465b6c0 JavaThread "Stdin handler"                     [_thread_blocked, id=19648, stack(0x00000063bd500000,0x00000063bd600000) (1024K)]
  0x000001c13465ca70 JavaThread "Daemon client event forwarder"        [_thread_blocked, id=18760, stack(0x00000063bd600000,0x00000063bd700000) (1024K)]
  0x000001c13465bd50 JavaThread "Cache worker for journal cache (C:\Users\daniel\.gradle\caches\journal-1)"        [_thread_blocked, id=3572, stack(0x00000063bd700000,0x00000063bd800000) (1024K)]
  0x000001c13465c3e0 JavaThread "File lock request listener"        [_thread_in_native, id=19104, stack(0x00000063bd800000,0x00000063bd900000) (1024K)]
  0x000001c13465d790 JavaThread "Cache worker for file hash cache (C:\Users\daniel\.gradle\caches\8.12.1\fileHashes)"        [_thread_blocked, id=9160, stack(0x00000063bd900000,0x00000063bda00000) (1024K)]
  0x000001c13465d100 JavaThread "Cache worker for file hash cache (E:\CURSOS\CURSOS CORTOS\JAVA\crud_hexa_docker\.gradle\8.12.1\fileHashes)"        [_thread_blocked, id=9324, stack(0x00000063bdb00000,0x00000063bdc00000) (1024K)]
  0x000001c13465de20 JavaThread "Cache worker for Build Output Cleanup Cache (E:\CURSOS\CURSOS CORTOS\JAVA\crud_hexa_docker\.gradle\buildOutputCleanup)"        [_thread_blocked, id=18132, stack(0x00000063bdc00000,0x00000063bdd00000) (1024K)]
  0x000001c13465e4b0 JavaThread "File watcher server"        daemon [_thread_blocked, id=18956, stack(0x00000063bdd00000,0x00000063bde00000) (1024K)]
  0x000001c13465b030 JavaThread "File watcher consumer"      daemon [_thread_blocked, id=12836, stack(0x00000063bde00000,0x00000063bdf00000) (1024K)]
  0x000001c135a4bd70 JavaThread "jar transforms"                    [_thread_blocked, id=6040, stack(0x00000063bdf00000,0x00000063be000000) (1024K)]
  0x000001c135a46190 JavaThread "jar transforms Thread 2"           [_thread_blocked, id=14320, stack(0x00000063be000000,0x00000063be100000) (1024K)]
  0x000001c135a44de0 JavaThread "Cache worker for checksums cache (E:\CURSOS\CURSOS CORTOS\JAVA\crud_hexa_docker\.gradle\8.12.1\checksums)"        [_thread_blocked, id=3240, stack(0x00000063be100000,0x00000063be200000) (1024K)]
  0x000001c135a48f80 JavaThread "Cache worker for file content cache (C:\Users\daniel\.gradle\caches\8.12.1\fileContent)"        [_thread_blocked, id=6780, stack(0x00000063be200000,0x00000063be300000) (1024K)]
  0x000001c135a4a9c0 JavaThread "jar transforms Thread 3"           [_thread_blocked, id=1952, stack(0x00000063be300000,0x00000063be400000) (1024K)]
  0x000001c135a488f0 JavaThread "Cache worker for cache directory md-rule (C:\Users\daniel\.gradle\caches\8.12.1\md-rule)"        [_thread_blocked, id=15364, stack(0x00000063bda00000,0x00000063bdb00000) (1024K)]
  0x000001c135a46820 JavaThread "Cache worker for cache directory md-supplier (C:\Users\daniel\.gradle\caches\8.12.1\md-supplier)"        [_thread_blocked, id=3552, stack(0x00000063be400000,0x00000063be500000) (1024K)]
  0x000001c135a47bd0 JavaThread "Unconstrained build operations"        [_thread_blocked, id=2424, stack(0x00000063be500000,0x00000063be600000) (1024K)]
  0x000001c135a49610 JavaThread "Unconstrained build operations Thread 2"        [_thread_blocked, id=20144, stack(0x00000063be600000,0x00000063be700000) (1024K)]
  0x000001c135a4c400 JavaThread "jar transforms Thread 4"           [_thread_blocked, id=16012, stack(0x00000063be700000,0x00000063be800000) (1024K)]
  0x000001c135a47540 JavaThread "Unconstrained build operations Thread 3"        [_thread_blocked, id=13620, stack(0x00000063be800000,0x00000063be900000) (1024K)]
  0x000001c135a45470 JavaThread "Unconstrained build operations Thread 4"        [_thread_blocked, id=15388, stack(0x00000063be900000,0x00000063bea00000) (1024K)]
  0x000001c135a48260 JavaThread "Unconstrained build operations Thread 5"        [_thread_blocked, id=18812, stack(0x00000063bea00000,0x00000063beb00000) (1024K)]
  0x000001c135a4a330 JavaThread "Unconstrained build operations Thread 6"        [_thread_blocked, id=5736, stack(0x00000063beb00000,0x00000063bec00000) (1024K)]
  0x000001c135a49ca0 JavaThread "Unconstrained build operations Thread 7"        [_thread_blocked, id=2872, stack(0x00000063bec00000,0x00000063bed00000) (1024K)]
  0x000001c133a1d5a0 JavaThread "Unconstrained build operations Thread 8"        [_thread_blocked, id=6200, stack(0x00000063bed00000,0x00000063bee00000) (1024K)]
  0x000001c133a1b4d0 JavaThread "Unconstrained build operations Thread 9"        [_thread_blocked, id=12428, stack(0x00000063bee00000,0x00000063bef00000) (1024K)]
  0x000001c133a1e2c0 JavaThread "Unconstrained build operations Thread 10"        [_thread_blocked, id=14704, stack(0x00000063bef00000,0x00000063bf000000) (1024K)]
  0x000001c133a1dc30 JavaThread "Unconstrained build operations Thread 11"        [_thread_blocked, id=2928, stack(0x00000063bf000000,0x00000063bf100000) (1024K)]
  0x000001c133a1e950 JavaThread "Unconstrained build operations Thread 12"        [_thread_blocked, id=13892, stack(0x00000063bf100000,0x00000063bf200000) (1024K)]
  0x000001c133a1bb60 JavaThread "Unconstrained build operations Thread 13"        [_thread_blocked, id=14824, stack(0x00000063bf200000,0x00000063bf300000) (1024K)]
  0x000001c133a1efe0 JavaThread "Unconstrained build operations Thread 14"        [_thread_blocked, id=1832, stack(0x00000063bf300000,0x00000063bf400000) (1024K)]
  0x000001c133a1f670 JavaThread "Unconstrained build operations Thread 15"        [_thread_blocked, id=13152, stack(0x00000063bf400000,0x00000063bf500000) (1024K)]
  0x000001c133a1c1f0 JavaThread "Memory manager"                    [_thread_blocked, id=2932, stack(0x00000063bf500000,0x00000063bf600000) (1024K)]
  0x000001c133a20390 JavaThread "Unconstrained build operations Thread 16"        [_thread_blocked, id=2192, stack(0x00000063bf700000,0x00000063bf800000) (1024K)]
  0x000001c133a1fd00 JavaThread "Unconstrained build operations Thread 17"        [_thread_blocked, id=8084, stack(0x00000063bf800000,0x00000063bf900000) (1024K)]
  0x000001c133a19a90 JavaThread "Unconstrained build operations Thread 18"        [_thread_blocked, id=15840, stack(0x00000063bf900000,0x00000063bfa00000) (1024K)]
  0x000001c133a20a20 JavaThread "Unconstrained build operations Thread 19"        [_thread_blocked, id=1636, stack(0x00000063bfa00000,0x00000063bfb00000) (1024K)]
  0x000001c133a1cf10 JavaThread "Unconstrained build operations Thread 20"        [_thread_blocked, id=344, stack(0x00000063bfb00000,0x00000063bfc00000) (1024K)]
  0x000001c133a210b0 JavaThread "Unconstrained build operations Thread 21"        [_thread_blocked, id=12280, stack(0x00000063bfc00000,0x00000063bfd00000) (1024K)]
  0x000001c133a1a120 JavaThread "Unconstrained build operations Thread 22"        [_thread_blocked, id=17444, stack(0x00000063bfd00000,0x00000063bfe00000) (1024K)]
  0x000001c133a1a7b0 JavaThread "Unconstrained build operations Thread 23"        [_thread_blocked, id=1600, stack(0x00000063bfe00000,0x00000063bff00000) (1024K)]
  0x000001c13712cf80 JavaThread "Unconstrained build operations Thread 24"        [_thread_blocked, id=3016, stack(0x00000063bff00000,0x00000063c0000000) (1024K)]
  0x000001c137127a30 JavaThread "Unconstrained build operations Thread 25"        [_thread_blocked, id=16084, stack(0x00000063bf600000,0x00000063bf700000) (1024K)]
  0x000001c13712c260 JavaThread "Unconstrained build operations Thread 26"        [_thread_blocked, id=12840, stack(0x00000063c0000000,0x00000063c0100000) (1024K)]
  0x000001c13712a190 JavaThread "Unconstrained build operations Thread 27"        [_thread_blocked, id=19400, stack(0x00000063c0100000,0x00000063c0200000) (1024K)]
  0x000001c137128de0 JavaThread "Unconstrained build operations Thread 28"        [_thread_blocked, id=19136, stack(0x00000063c0200000,0x00000063c0300000) (1024K)]
  0x000001c137129470 JavaThread "Unconstrained build operations Thread 29"        [_thread_blocked, id=18220, stack(0x00000063c0300000,0x00000063c0400000) (1024K)]
  0x000001c13712c8f0 JavaThread "Unconstrained build operations Thread 30"        [_thread_blocked, id=6012, stack(0x00000063c0400000,0x00000063c0500000) (1024K)]
  0x000001c13712dca0 JavaThread "Unconstrained build operations Thread 31"        [_thread_blocked, id=18412, stack(0x00000063c0500000,0x00000063c0600000) (1024K)]
  0x000001c1371273a0 JavaThread "Unconstrained build operations Thread 32"        [_thread_blocked, id=1624, stack(0x00000063c0600000,0x00000063c0700000) (1024K)]
  0x000001c13712d610 JavaThread "Unconstrained build operations Thread 33"        [_thread_blocked, id=19876, stack(0x00000063c0700000,0x00000063c0800000) (1024K)]
  0x000001c13712e330 JavaThread "Unconstrained build operations Thread 34"        [_thread_blocked, id=16108, stack(0x00000063c0800000,0x00000063c0900000) (1024K)]
  0x000001c13712a820 JavaThread "Unconstrained build operations Thread 35"        [_thread_blocked, id=10060, stack(0x00000063c0900000,0x00000063c0a00000) (1024K)]
  0x000001c13712b540 JavaThread "Unconstrained build operations Thread 36"        [_thread_blocked, id=12340, stack(0x00000063c0a00000,0x00000063c0b00000) (1024K)]
  0x000001c13712e9c0 JavaThread "Unconstrained build operations Thread 37"        [_thread_blocked, id=7772, stack(0x00000063c0b00000,0x00000063c0c00000) (1024K)]
  0x000001c1371280c0 JavaThread "Unconstrained build operations Thread 38"        [_thread_blocked, id=19652, stack(0x00000063c0c00000,0x00000063c0d00000) (1024K)]
  0x000001c137128750 JavaThread "Unconstrained build operations Thread 39"        [_thread_blocked, id=11856, stack(0x00000063c0d00000,0x00000063c0e00000) (1024K)]
  0x000001c13712bbd0 JavaThread "Unconstrained build operations Thread 40"        [_thread_blocked, id=664, stack(0x00000063c0e00000,0x00000063c0f00000) (1024K)]
  0x000001c137b0dce0 JavaThread "ForkJoinPool.commonPool-worker-1" daemon [_thread_blocked, id=3084, stack(0x00000063c1000000,0x00000063c1100000) (1024K)]
  0x000001c137b08100 JavaThread "ForkJoinPool.commonPool-worker-2" daemon [_thread_blocked, id=1732, stack(0x00000063c0f00000,0x00000063c1000000) (1024K)]
  0x000001c137b0e370 JavaThread "ForkJoinPool.commonPool-worker-3" daemon [_thread_blocked, id=13904, stack(0x00000063c1100000,0x00000063c1200000) (1024K)]
  0x000001c137b09b40 JavaThread "Exec process"               daemon [_thread_blocked, id=11812, stack(0x00000063c1200000,0x00000063c1300000) (1024K)]
  0x000001c137b08e20 JavaThread "Exec process Thread 2"      daemon [_thread_blocked, id=8568, stack(0x00000063c1300000,0x00000063c1400000) (1024K)]
  0x000001c137b0d650 JavaThread "Exec process Thread 3"      daemon [_thread_blocked, id=12472, stack(0x00000063c1400000,0x00000063c1500000) (1024K)]
  0x000001c137b0ea00 JavaThread "included builds"                   [_thread_blocked, id=20068, stack(0x00000063c1600000,0x00000063c1700000) (1024K)]
  0x000001c137b0a1d0 JavaThread "Execution worker"                  [_thread_blocked, id=18652, stack(0x00000063c1700000,0x00000063c1800000) (1024K)]
  0x000001c137b0f090 JavaThread "Execution worker Thread 2"         [_thread_blocked, id=13192, stack(0x00000063c1800000,0x00000063c1900000) (1024K)]
  0x000001c137b094b0 JavaThread "Execution worker Thread 3"         [_thread_blocked, id=4444, stack(0x00000063c1900000,0x00000063c1a00000) (1024K)]
  0x000001c137b0cfc0 JavaThread "Cache worker for execution history cache (E:\CURSOS\CURSOS CORTOS\JAVA\crud_hexa_docker\.gradle\8.12.1\executionHistory)"        [_thread_blocked, id=20260, stack(0x00000063c1a00000,0x00000063c1b00000) (1024K)]
  0x000001c137b0f720 JavaThread "Cache worker for Java compile cache (C:\Users\daniel\.gradle\caches\8.12.1\javaCompile)"        [_thread_blocked, id=6132, stack(0x00000063c1b00000,0x00000063c1c00000) (1024K)]
  0x000001c137b08790 JavaThread "Build operations"                  [_thread_blocked, id=18104, stack(0x00000063c1500000,0x00000063c1600000) (1024K)]
  0x000001c137b0b580 JavaThread "Build operations Thread 2"         [_thread_blocked, id=13220, stack(0x00000063c1c00000,0x00000063c1d00000) (1024K)]
  0x000001c137b0a860 JavaThread "Build operations Thread 3"         [_thread_blocked, id=20468, stack(0x00000063c1d00000,0x00000063c1e00000) (1024K)]
Total: 92

Other Threads:
  0x000001c17c70a640 VMThread "VM Thread"                           [id=9448, stack(0x00000063bbf00000,0x00000063bc000000) (1024K)]
  0x000001c17f796220 WatcherThread "VM Periodic Task Thread"        [id=13844, stack(0x00000063bbe00000,0x00000063bbf00000) (1024K)]
  0x000001c17c70ad80 WorkerThread "GC Thread#0"                     [id=10084, stack(0x00000063bb900000,0x00000063bba00000) (1024K)]
  0x000001c17c70b120 WorkerThread "GC Thread#1"                     [id=12468, stack(0x00000063bca00000,0x00000063bcb00000) (1024K)]
=>0x000001c17c70b4c0 WorkerThread "GC Thread#2"                     [id=11916, stack(0x00000063bcb00000,0x00000063bcc00000) (1024K)]
  0x000001c1197e20c0 WorkerThread "GC Thread#3"                     [id=8276, stack(0x00000063bcc00000,0x00000063bcd00000) (1024K)]
  0x000001c17e8143b0 ConcurrentGCThread "G1 Main Marker"            [id=3176, stack(0x00000063bba00000,0x00000063bbb00000) (1024K)]
  0x000001c17c70a2a0 WorkerThread "G1 Conc#0"                       [id=11860, stack(0x00000063bbb00000,0x00000063bbc00000) (1024K)]
  0x000001c17e8aeb70 ConcurrentGCThread "G1 Refine#0"               [id=12764, stack(0x00000063bbc00000,0x00000063bbd00000) (1024K)]
  0x000001c17f667ca0 ConcurrentGCThread "G1 Service"                [id=8996, stack(0x00000063bbd00000,0x00000063bbe00000) (1024K)]
Total: 10

Threads with active compile tasks:
Total: 0

VM state: at safepoint (normal execution)

VM Mutex/Monitor currently owned by a thread:  ([mutex/lock_event])
[0x00007ffc1e10de98] Threads_lock - owner thread: 0x000001c17c70a640
[0x00007ffc1e10df98] Heap_lock - owner thread: 0x000001c137b0ea00

Heap address: 0x00000000e0000000, size: 512 MB, Compressed Oops mode: 32-bit

CDS archive(s) mapped at: [0x000001c11a000000-0x000001c11ac90000-0x000001c11ac90000), size 13172736, SharedBaseAddress: 0x000001c11a000000, ArchiveRelocationMode: 1.
Compressed class space mapped at: 0x000001c11b000000-0x000001c12f000000, reserved size: 335544320
Narrow klass base: 0x000001c11a000000, Narrow klass shift: 0, Narrow klass range: 0x100000000

GC Precious Log:
 CardTable entry size: 512
 Card Set container configuration: InlinePtr #cards 5 size 8 Array Of Cards #cards 12 size 40 Howl #buckets 4 coarsen threshold 1843 Howl Bitmap #cards 512 size 80 coarsen threshold 460 Card regions per heap region 1 cards per card region 2048
 CPUs: 4 total, 4 available
 Memory: 7998M
 Large Page Support: Disabled
 NUMA Support: Disabled
 Compressed Oops: Enabled (32-bit)
 Heap Region Size: 1M
 Heap Min Capacity: 256M
 Heap Initial Capacity: 256M
 Heap Max Capacity: 512M
 Pre-touch: Disabled
 Parallel Workers: 4
 Concurrent Workers: 1
 Concurrent Refinement Workers: 4
 Periodic GC: Disabled

Heap:
 garbage-first heap   total 262144K, used 199133K [0x00000000e0000000, 0x0000000100000000)
  region size 1024K, 153 young (156672K), 12 survivors (12288K)
 Metaspace       used 72020K, committed 74240K, reserved 393216K
  class space    used 10089K, committed 11200K, reserved 327680K

Heap Regions: E=young(eden), S=young(survivor), O=old, HS=humongous(starts), HC=humongous(continues), CS=collection set, F=free, TAMS=top-at-mark-start, PB=parsable bottom
|   0|0x00000000e0000000, 0x00000000e0100000, 0x00000000e0100000|100%|HS|  |TAMS 0x00000000e0000000| PB 0x00000000e0000000| Complete 
|   1|0x00000000e0100000, 0x00000000e0200000, 0x00000000e0200000|100%|HC|  |TAMS 0x00000000e0100000| PB 0x00000000e0100000| Complete 
|   2|0x00000000e0200000, 0x00000000e0300000, 0x00000000e0300000|100%|HC|  |TAMS 0x00000000e0200000| PB 0x00000000e0200000| Complete 
|   3|0x00000000e0300000, 0x00000000e0400000, 0x00000000e0400000|100%| O|  |TAMS 0x00000000e0300000| PB 0x00000000e0300000| Untracked 
|   4|0x00000000e0400000, 0x00000000e0500000, 0x00000000e0500000|100%| O|  |TAMS 0x00000000e0400000| PB 0x00000000e0400000| Untracked 
|   5|0x00000000e0500000, 0x00000000e0600000, 0x00000000e0600000|100%| O|  |TAMS 0x00000000e0500000| PB 0x00000000e0500000| Untracked 
|   6|0x00000000e0600000, 0x00000000e0700000, 0x00000000e0700000|100%|HS|  |TAMS 0x00000000e0600000| PB 0x00000000e0600000| Complete 
|   7|0x00000000e0700000, 0x00000000e0800000, 0x00000000e0800000|100%| O|  |TAMS 0x00000000e0700000| PB 0x00000000e0700000| Untracked 
|   8|0x00000000e0800000, 0x00000000e0900000, 0x00000000e0900000|100%| O|  |TAMS 0x00000000e0800000| PB 0x00000000e0800000| Untracked 
|   9|0x00000000e0900000, 0x00000000e0a00000, 0x00000000e0a00000|100%| O|  |TAMS 0x00000000e0900000| PB 0x00000000e0900000| Untracked 
|  10|0x00000000e0a00000, 0x00000000e0b00000, 0x00000000e0b00000|100%| O|  |TAMS 0x00000000e0a00000| PB 0x00000000e0a00000| Untracked 
|  11|0x00000000e0b00000, 0x00000000e0c00000, 0x00000000e0c00000|100%| O|  |TAMS 0x00000000e0b00000| PB 0x00000000e0b00000| Untracked 
|  12|0x00000000e0c00000, 0x00000000e0d00000, 0x00000000e0d00000|100%| O|  |TAMS 0x00000000e0c00000| PB 0x00000000e0c00000| Untracked 
|  13|0x00000000e0d00000, 0x00000000e0e00000, 0x00000000e0e00000|100%| O|  |TAMS 0x00000000e0d00000| PB 0x00000000e0d00000| Untracked 
|  14|0x00000000e0e00000, 0x00000000e0f00000, 0x00000000e0f00000|100%| O|  |TAMS 0x00000000e0e00000| PB 0x00000000e0e00000| Untracked 
|  15|0x00000000e0f00000, 0x00000000e1000000, 0x00000000e1000000|100%| O|  |TAMS 0x00000000e0f00000| PB 0x00000000e0f00000| Untracked 
|  16|0x00000000e1000000, 0x00000000e1100000, 0x00000000e1100000|100%| O|  |TAMS 0x00000000e1000000| PB 0x00000000e1000000| Untracked 
|  17|0x00000000e1100000, 0x00000000e1200000, 0x00000000e1200000|100%| O|  |TAMS 0x00000000e1100000| PB 0x00000000e1100000| Untracked 
|  18|0x00000000e1200000, 0x00000000e1300000, 0x00000000e1300000|100%| O|  |TAMS 0x00000000e1200000| PB 0x00000000e1200000| Untracked 
|  19|0x00000000e1300000, 0x00000000e1400000, 0x00000000e1400000|100%| O|  |TAMS 0x00000000e1300000| PB 0x00000000e1300000| Untracked 
|  20|0x00000000e1400000, 0x00000000e1500000, 0x00000000e1500000|100%| O|  |TAMS 0x00000000e1400000| PB 0x00000000e1400000| Untracked 
|  21|0x00000000e1500000, 0x00000000e1600000, 0x00000000e1600000|100%| O|  |TAMS 0x00000000e1500000| PB 0x00000000e1500000| Untracked 
|  22|0x00000000e1600000, 0x00000000e1700000, 0x00000000e1700000|100%| O|  |TAMS 0x00000000e1600000| PB 0x00000000e1600000| Untracked 
|  23|0x00000000e1700000, 0x00000000e1800000, 0x00000000e1800000|100%| O|  |TAMS 0x00000000e1700000| PB 0x00000000e1700000| Untracked 
|  24|0x00000000e1800000, 0x00000000e1900000, 0x00000000e1900000|100%| O|  |TAMS 0x00000000e1800000| PB 0x00000000e1800000| Untracked 
|  25|0x00000000e1900000, 0x00000000e1a00000, 0x00000000e1a00000|100%| O|  |TAMS 0x00000000e1900000| PB 0x00000000e1900000| Untracked 
|  26|0x00000000e1a00000, 0x00000000e1b00000, 0x00000000e1b00000|100%| O|  |TAMS 0x00000000e1a00000| PB 0x00000000e1a00000| Untracked 
|  27|0x00000000e1b00000, 0x00000000e1c00000, 0x00000000e1c00000|100%| O|  |TAMS 0x00000000e1b00000| PB 0x00000000e1b00000| Untracked 
|  28|0x00000000e1c00000, 0x00000000e1d00000, 0x00000000e1d00000|100%| O|  |TAMS 0x00000000e1c00000| PB 0x00000000e1c00000| Untracked 
|  29|0x00000000e1d00000, 0x00000000e1e00000, 0x00000000e1e00000|100%| O|  |TAMS 0x00000000e1d00000| PB 0x00000000e1d00000| Untracked 
|  30|0x00000000e1e00000, 0x00000000e1f00000, 0x00000000e1f00000|100%| O|  |TAMS 0x00000000e1e00000| PB 0x00000000e1e00000| Untracked 
|  31|0x00000000e1f00000, 0x00000000e2000000, 0x00000000e2000000|100%| O|  |TAMS 0x00000000e1f00000| PB 0x00000000e1f00000| Untracked 
|  32|0x00000000e2000000, 0x00000000e2100000, 0x00000000e2100000|100%| O|  |TAMS 0x00000000e2000000| PB 0x00000000e2000000| Untracked 
|  33|0x00000000e2100000, 0x00000000e2200000, 0x00000000e2200000|100%| O|  |TAMS 0x00000000e2100000| PB 0x00000000e2100000| Untracked 
|  34|0x00000000e2200000, 0x00000000e2300000, 0x00000000e2300000|100%| O|Cm|TAMS 0x00000000e2200000| PB 0x00000000e2200000| Complete 
|  35|0x00000000e2300000, 0x00000000e2400000, 0x00000000e2400000|100%| O|  |TAMS 0x00000000e2300000| PB 0x00000000e2300000| Untracked 
|  36|0x00000000e2400000, 0x00000000e2500000, 0x00000000e2500000|100%| O|  |TAMS 0x00000000e2400000| PB 0x00000000e2400000| Untracked 
|  37|0x00000000e2500000, 0x00000000e2600000, 0x00000000e2600000|100%| O|  |TAMS 0x00000000e2500000| PB 0x00000000e2500000| Untracked 
|  38|0x00000000e2600000, 0x00000000e2700000, 0x00000000e2700000|100%| O|  |TAMS 0x00000000e2600000| PB 0x00000000e2600000| Untracked 
|  39|0x00000000e2700000, 0x00000000e2800000, 0x00000000e2800000|100%| O|  |TAMS 0x00000000e2700000| PB 0x00000000e2700000| Untracked 
|  40|0x00000000e2800000, 0x00000000e2900000, 0x00000000e2900000|100%| O|  |TAMS 0x00000000e2800000| PB 0x00000000e2800000| Untracked 
|  41|0x00000000e2900000, 0x00000000e2a00000, 0x00000000e2a00000|100%| O|  |TAMS 0x00000000e2900000| PB 0x00000000e2900000| Untracked 
|  42|0x00000000e2a00000, 0x00000000e2b00000, 0x00000000e2b00000|100%| O|  |TAMS 0x00000000e2a00000| PB 0x00000000e2a00000| Untracked 
|  43|0x00000000e2b00000, 0x00000000e2c00000, 0x00000000e2c00000|100%| O|  |TAMS 0x00000000e2b00000| PB 0x00000000e2b00000| Untracked 
|  44|0x00000000e2c00000, 0x00000000e2d00000, 0x00000000e2d00000|100%| O|  |TAMS 0x00000000e2c00000| PB 0x00000000e2c00000| Untracked 
|  45|0x00000000e2d00000, 0x00000000e2e00000, 0x00000000e2e00000|100%| O|  |TAMS 0x00000000e2d00000| PB 0x00000000e2d00000| Untracked 
|  46|0x00000000e2e00000, 0x00000000e2f00000, 0x00000000e2f00000|100%| O|  |TAMS 0x00000000e2e00000| PB 0x00000000e2e00000| Untracked 
|  47|0x00000000e2f00000, 0x00000000e3000000, 0x00000000e3000000|100%| O|  |TAMS 0x00000000e2f00000| PB 0x00000000e2f00000| Untracked 
|  48|0x00000000e3000000, 0x00000000e3100000, 0x00000000e3100000|100%| O|  |TAMS 0x00000000e3000000| PB 0x00000000e3000000| Untracked 
|  49|0x00000000e3100000, 0x00000000e3200000, 0x00000000e3200000|100%| O|  |TAMS 0x00000000e3100000| PB 0x00000000e3100000| Untracked 
|  50|0x00000000e3200000, 0x00000000e3300000, 0x00000000e3300000|100%| O|  |TAMS 0x00000000e3200000| PB 0x00000000e3200000| Untracked 
|  51|0x00000000e3300000, 0x00000000e3380000, 0x00000000e3400000| 50%| O|  |TAMS 0x00000000e3300000| PB 0x00000000e3300000| Untracked 
|  52|0x00000000e3400000, 0x00000000e3400000, 0x00000000e3500000|  0%| F|  |TAMS 0x00000000e3400000| PB 0x00000000e3400000| Untracked 
|  53|0x00000000e3500000, 0x00000000e3500000, 0x00000000e3600000|  0%| F|  |TAMS 0x00000000e3500000| PB 0x00000000e3500000| Untracked 
|  54|0x00000000e3600000, 0x00000000e3600000, 0x00000000e3700000|  0%| F|  |TAMS 0x00000000e3600000| PB 0x00000000e3600000| Untracked 
|  55|0x00000000e3700000, 0x00000000e3700000, 0x00000000e3800000|  0%| F|  |TAMS 0x00000000e3700000| PB 0x00000000e3700000| Untracked 
|  56|0x00000000e3800000, 0x00000000e3800000, 0x00000000e3900000|  0%| F|  |TAMS 0x00000000e3800000| PB 0x00000000e3800000| Untracked 
|  57|0x00000000e3900000, 0x00000000e3900000, 0x00000000e3a00000|  0%| F|  |TAMS 0x00000000e3900000| PB 0x00000000e3900000| Untracked 
|  58|0x00000000e3a00000, 0x00000000e3a00000, 0x00000000e3b00000|  0%| F|  |TAMS 0x00000000e3a00000| PB 0x00000000e3a00000| Untracked 
|  59|0x00000000e3b00000, 0x00000000e3b00000, 0x00000000e3c00000|  0%| F|  |TAMS 0x00000000e3b00000| PB 0x00000000e3b00000| Untracked 
|  60|0x00000000e3c00000, 0x00000000e3c00000, 0x00000000e3d00000|  0%| F|  |TAMS 0x00000000e3c00000| PB 0x00000000e3c00000| Untracked 
|  61|0x00000000e3d00000, 0x00000000e3d00000, 0x00000000e3e00000|  0%| F|  |TAMS 0x00000000e3d00000| PB 0x00000000e3d00000| Untracked 
|  62|0x00000000e3e00000, 0x00000000e3e00000, 0x00000000e3f00000|  0%| F|  |TAMS 0x00000000e3e00000| PB 0x00000000e3e00000| Untracked 
|  63|0x00000000e3f00000, 0x00000000e3f00000, 0x00000000e4000000|  0%| F|  |TAMS 0x00000000e3f00000| PB 0x00000000e3f00000| Untracked 
|  64|0x00000000e4000000, 0x00000000e4000000, 0x00000000e4100000|  0%| F|  |TAMS 0x00000000e4000000| PB 0x00000000e4000000| Untracked 
|  65|0x00000000e4100000, 0x00000000e4100000, 0x00000000e4200000|  0%| F|  |TAMS 0x00000000e4100000| PB 0x00000000e4100000| Untracked 
|  66|0x00000000e4200000, 0x00000000e4200000, 0x00000000e4300000|  0%| F|  |TAMS 0x00000000e4200000| PB 0x00000000e4200000| Untracked 
|  67|0x00000000e4300000, 0x00000000e4300000, 0x00000000e4400000|  0%| F|  |TAMS 0x00000000e4300000| PB 0x00000000e4300000| Untracked 
|  68|0x00000000e4400000, 0x00000000e4400000, 0x00000000e4500000|  0%| F|  |TAMS 0x00000000e4400000| PB 0x00000000e4400000| Untracked 
|  69|0x00000000e4500000, 0x00000000e4500000, 0x00000000e4600000|  0%| F|  |TAMS 0x00000000e4500000| PB 0x00000000e4500000| Untracked 
|  70|0x00000000e4600000, 0x00000000e4600000, 0x00000000e4700000|  0%| F|  |TAMS 0x00000000e4600000| PB 0x00000000e4600000| Untracked 
|  71|0x00000000e4700000, 0x00000000e4700000, 0x00000000e4800000|  0%| F|  |TAMS 0x00000000e4700000| PB 0x00000000e4700000| Untracked 
|  72|0x00000000e4800000, 0x00000000e4800000, 0x00000000e4900000|  0%| F|  |TAMS 0x00000000e4800000| PB 0x00000000e4800000| Untracked 
|  73|0x00000000e4900000, 0x00000000e4900000, 0x00000000e4a00000|  0%| F|  |TAMS 0x00000000e4900000| PB 0x00000000e4900000| Untracked 
|  74|0x00000000e4a00000, 0x00000000e4a00000, 0x00000000e4b00000|  0%| F|  |TAMS 0x00000000e4a00000| PB 0x00000000e4a00000| Untracked 
|  75|0x00000000e4b00000, 0x00000000e4b00000, 0x00000000e4c00000|  0%| F|  |TAMS 0x00000000e4b00000| PB 0x00000000e4b00000| Untracked 
|  76|0x00000000e4c00000, 0x00000000e4c00000, 0x00000000e4d00000|  0%| F|  |TAMS 0x00000000e4c00000| PB 0x00000000e4c00000| Untracked 
|  77|0x00000000e4d00000, 0x00000000e4d00000, 0x00000000e4e00000|  0%| F|  |TAMS 0x00000000e4d00000| PB 0x00000000e4d00000| Untracked 
|  78|0x00000000e4e00000, 0x00000000e4e00000, 0x00000000e4f00000|  0%| F|  |TAMS 0x00000000e4e00000| PB 0x00000000e4e00000| Untracked 
|  79|0x00000000e4f00000, 0x00000000e4f00000, 0x00000000e5000000|  0%| F|  |TAMS 0x00000000e4f00000| PB 0x00000000e4f00000| Untracked 
|  80|0x00000000e5000000, 0x00000000e5000000, 0x00000000e5100000|  0%| F|  |TAMS 0x00000000e5000000| PB 0x00000000e5000000| Untracked 
|  81|0x00000000e5100000, 0x00000000e5100000, 0x00000000e5200000|  0%| F|  |TAMS 0x00000000e5100000| PB 0x00000000e5100000| Untracked 
|  82|0x00000000e5200000, 0x00000000e5200000, 0x00000000e5300000|  0%| F|  |TAMS 0x00000000e5200000| PB 0x00000000e5200000| Untracked 
|  83|0x00000000e5300000, 0x00000000e5300000, 0x00000000e5400000|  0%| F|  |TAMS 0x00000000e5300000| PB 0x00000000e5300000| Untracked 
|  84|0x00000000e5400000, 0x00000000e5400000, 0x00000000e5500000|  0%| F|  |TAMS 0x00000000e5400000| PB 0x00000000e5400000| Untracked 
|  85|0x00000000e5500000, 0x00000000e5500000, 0x00000000e5600000|  0%| F|  |TAMS 0x00000000e5500000| PB 0x00000000e5500000| Untracked 
|  86|0x00000000e5600000, 0x00000000e5600000, 0x00000000e5700000|  0%| F|  |TAMS 0x00000000e5600000| PB 0x00000000e5600000| Untracked 
|  87|0x00000000e5700000, 0x00000000e5700000, 0x00000000e5800000|  0%| F|  |TAMS 0x00000000e5700000| PB 0x00000000e5700000| Untracked 
|  88|0x00000000e5800000, 0x00000000e5800000, 0x00000000e5900000|  0%| F|  |TAMS 0x00000000e5800000| PB 0x00000000e5800000| Untracked 
|  89|0x00000000e5900000, 0x00000000e5900000, 0x00000000e5a00000|  0%| F|  |TAMS 0x00000000e5900000| PB 0x00000000e5900000| Untracked 
|  90|0x00000000e5a00000, 0x00000000e5a00000, 0x00000000e5b00000|  0%| F|  |TAMS 0x00000000e5a00000| PB 0x00000000e5a00000| Untracked 
|  91|0x00000000e5b00000, 0x00000000e5b80000, 0x00000000e5c00000| 50%| S|  |TAMS 0x00000000e5b00000| PB 0x00000000e5b00000| Complete 
|  92|0x00000000e5c00000, 0x00000000e5d00000, 0x00000000e5d00000|100%| S|  |TAMS 0x00000000e5c00000| PB 0x00000000e5c00000| Complete 
|  93|0x00000000e5d00000, 0x00000000e5e00000, 0x00000000e5e00000|100%| S|  |TAMS 0x00000000e5d00000| PB 0x00000000e5d00000| Complete 
|  94|0x00000000e5e00000, 0x00000000e5f00000, 0x00000000e5f00000|100%| S|  |TAMS 0x00000000e5e00000| PB 0x00000000e5e00000| Complete 
|  95|0x00000000e5f00000, 0x00000000e6000000, 0x00000000e6000000|100%| S|  |TAMS 0x00000000e5f00000| PB 0x00000000e5f00000| Complete 
|  96|0x00000000e6000000, 0x00000000e6100000, 0x00000000e6100000|100%| S|  |TAMS 0x00000000e6000000| PB 0x00000000e6000000| Complete 
|  97|0x00000000e6100000, 0x00000000e6200000, 0x00000000e6200000|100%| S|  |TAMS 0x00000000e6100000| PB 0x00000000e6100000| Complete 
|  98|0x00000000e6200000, 0x00000000e6300000, 0x00000000e6300000|100%| S|  |TAMS 0x00000000e6200000| PB 0x00000000e6200000| Complete 
|  99|0x00000000e6300000, 0x00000000e6400000, 0x00000000e6400000|100%| S|  |TAMS 0x00000000e6300000| PB 0x00000000e6300000| Complete 
| 100|0x00000000e6400000, 0x00000000e6500000, 0x00000000e6500000|100%| S|  |TAMS 0x00000000e6400000| PB 0x00000000e6400000| Complete 
| 101|0x00000000e6500000, 0x00000000e6600000, 0x00000000e6600000|100%| S|  |TAMS 0x00000000e6500000| PB 0x00000000e6500000| Complete 
| 102|0x00000000e6600000, 0x00000000e6700000, 0x00000000e6700000|100%| S|  |TAMS 0x00000000e6600000| PB 0x00000000e6600000| Complete 
| 103|0x00000000e6700000, 0x00000000e6800000, 0x00000000e6800000|100%| E|CS|TAMS 0x00000000e6700000| PB 0x00000000e6700000| Complete 
| 104|0x00000000e6800000, 0x00000000e6900000, 0x00000000e6900000|100%| E|CS|TAMS 0x00000000e6800000| PB 0x00000000e6800000| Complete 
| 105|0x00000000e6900000, 0x00000000e6a00000, 0x00000000e6a00000|100%| E|CS|TAMS 0x00000000e6900000| PB 0x00000000e6900000| Complete 
| 106|0x00000000e6a00000, 0x00000000e6b00000, 0x00000000e6b00000|100%| E|CS|TAMS 0x00000000e6a00000| PB 0x00000000e6a00000| Complete 
| 107|0x00000000e6b00000, 0x00000000e6c00000, 0x00000000e6c00000|100%| E|CS|TAMS 0x00000000e6b00000| PB 0x00000000e6b00000| Complete 
| 108|0x00000000e6c00000, 0x00000000e6d00000, 0x00000000e6d00000|100%| E|CS|TAMS 0x00000000e6c00000| PB 0x00000000e6c00000| Complete 
| 109|0x00000000e6d00000, 0x00000000e6e00000, 0x00000000e6e00000|100%| E|CS|TAMS 0x00000000e6d00000| PB 0x00000000e6d00000| Complete 
| 110|0x00000000e6e00000, 0x00000000e6f00000, 0x00000000e6f00000|100%| E|CS|TAMS 0x00000000e6e00000| PB 0x00000000e6e00000| Complete 
| 111|0x00000000e6f00000, 0x00000000e7000000, 0x00000000e7000000|100%| E|CS|TAMS 0x00000000e6f00000| PB 0x00000000e6f00000| Complete 
| 112|0x00000000e7000000, 0x00000000e7100000, 0x00000000e7100000|100%| E|CS|TAMS 0x00000000e7000000| PB 0x00000000e7000000| Complete 
| 113|0x00000000e7100000, 0x00000000e7200000, 0x00000000e7200000|100%| E|CS|TAMS 0x00000000e7100000| PB 0x00000000e7100000| Complete 
| 114|0x00000000e7200000, 0x00000000e7300000, 0x00000000e7300000|100%| E|CS|TAMS 0x00000000e7200000| PB 0x00000000e7200000| Complete 
| 115|0x00000000e7300000, 0x00000000e7400000, 0x00000000e7400000|100%| E|CS|TAMS 0x00000000e7300000| PB 0x00000000e7300000| Complete 
| 116|0x00000000e7400000, 0x00000000e7500000, 0x00000000e7500000|100%| E|CS|TAMS 0x00000000e7400000| PB 0x00000000e7400000| Complete 
| 117|0x00000000e7500000, 0x00000000e7600000, 0x00000000e7600000|100%| E|CS|TAMS 0x00000000e7500000| PB 0x00000000e7500000| Complete 
| 118|0x00000000e7600000, 0x00000000e7700000, 0x00000000e7700000|100%| E|CS|TAMS 0x00000000e7600000| PB 0x00000000e7600000| Complete 
| 119|0x00000000e7700000, 0x00000000e7800000, 0x00000000e7800000|100%| E|CS|TAMS 0x00000000e7700000| PB 0x00000000e7700000| Complete 
| 120|0x00000000e7800000, 0x00000000e7900000, 0x00000000e7900000|100%| E|CS|TAMS 0x00000000e7800000| PB 0x00000000e7800000| Complete 
| 121|0x00000000e7900000, 0x00000000e7a00000, 0x00000000e7a00000|100%| E|CS|TAMS 0x00000000e7900000| PB 0x00000000e7900000| Complete 
| 122|0x00000000e7a00000, 0x00000000e7b00000, 0x00000000e7b00000|100%| E|CS|TAMS 0x00000000e7a00000| PB 0x00000000e7a00000| Complete 
| 123|0x00000000e7b00000, 0x00000000e7c00000, 0x00000000e7c00000|100%| E|CS|TAMS 0x00000000e7b00000| PB 0x00000000e7b00000| Complete 
| 124|0x00000000e7c00000, 0x00000000e7d00000, 0x00000000e7d00000|100%| E|CS|TAMS 0x00000000e7c00000| PB 0x00000000e7c00000| Complete 
| 125|0x00000000e7d00000, 0x00000000e7e00000, 0x00000000e7e00000|100%| E|CS|TAMS 0x00000000e7d00000| PB 0x00000000e7d00000| Complete 
| 126|0x00000000e7e00000, 0x00000000e7f00000, 0x00000000e7f00000|100%| E|CS|TAMS 0x00000000e7e00000| PB 0x00000000e7e00000| Complete 
| 127|0x00000000e7f00000, 0x00000000e8000000, 0x00000000e8000000|100%| E|CS|TAMS 0x00000000e7f00000| PB 0x00000000e7f00000| Complete 
| 128|0x00000000e8000000, 0x00000000e8100000, 0x00000000e8100000|100%| E|CS|TAMS 0x00000000e8000000| PB 0x00000000e8000000| Complete 
| 129|0x00000000e8100000, 0x00000000e8200000, 0x00000000e8200000|100%| E|CS|TAMS 0x00000000e8100000| PB 0x00000000e8100000| Complete 
| 130|0x00000000e8200000, 0x00000000e8300000, 0x00000000e8300000|100%| E|CS|TAMS 0x00000000e8200000| PB 0x00000000e8200000| Complete 
| 131|0x00000000e8300000, 0x00000000e8400000, 0x00000000e8400000|100%| E|CS|TAMS 0x00000000e8300000| PB 0x00000000e8300000| Complete 
| 132|0x00000000e8400000, 0x00000000e8500000, 0x00000000e8500000|100%| E|CS|TAMS 0x00000000e8400000| PB 0x00000000e8400000| Complete 
| 133|0x00000000e8500000, 0x00000000e8600000, 0x00000000e8600000|100%| E|CS|TAMS 0x00000000e8500000| PB 0x00000000e8500000| Complete 
| 134|0x00000000e8600000, 0x00000000e8700000, 0x00000000e8700000|100%| E|CS|TAMS 0x00000000e8600000| PB 0x00000000e8600000| Complete 
| 135|0x00000000e8700000, 0x00000000e8800000, 0x00000000e8800000|100%| E|CS|TAMS 0x00000000e8700000| PB 0x00000000e8700000| Complete 
| 136|0x00000000e8800000, 0x00000000e8900000, 0x00000000e8900000|100%| E|CS|TAMS 0x00000000e8800000| PB 0x00000000e8800000| Complete 
| 137|0x00000000e8900000, 0x00000000e8a00000, 0x00000000e8a00000|100%| E|CS|TAMS 0x00000000e8900000| PB 0x00000000e8900000| Complete 
| 138|0x00000000e8a00000, 0x00000000e8b00000, 0x00000000e8b00000|100%| E|CS|TAMS 0x00000000e8a00000| PB 0x00000000e8a00000| Complete 
| 139|0x00000000e8b00000, 0x00000000e8c00000, 0x00000000e8c00000|100%| E|CS|TAMS 0x00000000e8b00000| PB 0x00000000e8b00000| Complete 
| 140|0x00000000e8c00000, 0x00000000e8d00000, 0x00000000e8d00000|100%| E|CS|TAMS 0x00000000e8c00000| PB 0x00000000e8c00000| Complete 
| 141|0x00000000e8d00000, 0x00000000e8e00000, 0x00000000e8e00000|100%| E|CS|TAMS 0x00000000e8d00000| PB 0x00000000e8d00000| Complete 
| 142|0x00000000e8e00000, 0x00000000e8f00000, 0x00000000e8f00000|100%| E|CS|TAMS 0x00000000e8e00000| PB 0x00000000e8e00000| Complete 
| 143|0x00000000e8f00000, 0x00000000e9000000, 0x00000000e9000000|100%| E|CS|TAMS 0x00000000e8f00000| PB 0x00000000e8f00000| Complete 
| 144|0x00000000e9000000, 0x00000000e9100000, 0x00000000e9100000|100%| E|CS|TAMS 0x00000000e9000000| PB 0x00000000e9000000| Complete 
| 145|0x00000000e9100000, 0x00000000e9200000, 0x00000000e9200000|100%| E|CS|TAMS 0x00000000e9100000| PB 0x00000000e9100000| Complete 
| 146|0x00000000e9200000, 0x00000000e9300000, 0x00000000e9300000|100%| E|CS|TAMS 0x00000000e9200000| PB 0x00000000e9200000| Complete 
| 147|0x00000000e9300000, 0x00000000e9400000, 0x00000000e9400000|100%| E|CS|TAMS 0x00000000e9300000| PB 0x00000000e9300000| Complete 
| 148|0x00000000e9400000, 0x00000000e9500000, 0x00000000e9500000|100%| E|CS|TAMS 0x00000000e9400000| PB 0x00000000e9400000| Complete 
| 149|0x00000000e9500000, 0x00000000e9600000, 0x00000000e9600000|100%| E|CS|TAMS 0x00000000e9500000| PB 0x00000000e9500000| Complete 
| 150|0x00000000e9600000, 0x00000000e9700000, 0x00000000e9700000|100%| E|CS|TAMS 0x00000000e9600000| PB 0x00000000e9600000| Complete 
| 151|0x00000000e9700000, 0x00000000e9800000, 0x00000000e9800000|100%| E|CS|TAMS 0x00000000e9700000| PB 0x00000000e9700000| Complete 
| 152|0x00000000e9800000, 0x00000000e9900000, 0x00000000e9900000|100%| E|CS|TAMS 0x00000000e9800000| PB 0x00000000e9800000| Complete 
| 153|0x00000000e9900000, 0x00000000e9a00000, 0x00000000e9a00000|100%| E|CS|TAMS 0x00000000e9900000| PB 0x00000000e9900000| Complete 
| 154|0x00000000e9a00000, 0x00000000e9b00000, 0x00000000e9b00000|100%| E|CS|TAMS 0x00000000e9a00000| PB 0x00000000e9a00000| Complete 
| 155|0x00000000e9b00000, 0x00000000e9c00000, 0x00000000e9c00000|100%| E|CS|TAMS 0x00000000e9b00000| PB 0x00000000e9b00000| Complete 
| 156|0x00000000e9c00000, 0x00000000e9d00000, 0x00000000e9d00000|100%| E|CS|TAMS 0x00000000e9c00000| PB 0x00000000e9c00000| Complete 
| 157|0x00000000e9d00000, 0x00000000e9e00000, 0x00000000e9e00000|100%| E|CS|TAMS 0x00000000e9d00000| PB 0x00000000e9d00000| Complete 
| 158|0x00000000e9e00000, 0x00000000e9f00000, 0x00000000e9f00000|100%| E|CS|TAMS 0x00000000e9e00000| PB 0x00000000e9e00000| Complete 
| 159|0x00000000e9f00000, 0x00000000ea000000, 0x00000000ea000000|100%| E|CS|TAMS 0x00000000e9f00000| PB 0x00000000e9f00000| Complete 
| 160|0x00000000ea000000, 0x00000000ea100000, 0x00000000ea100000|100%| E|CS|TAMS 0x00000000ea000000| PB 0x00000000ea000000| Complete 
| 161|0x00000000ea100000, 0x00000000ea200000, 0x00000000ea200000|100%| E|CS|TAMS 0x00000000ea100000| PB 0x00000000ea100000| Complete 
| 162|0x00000000ea200000, 0x00000000ea300000, 0x00000000ea300000|100%| E|CS|TAMS 0x00000000ea200000| PB 0x00000000ea200000| Complete 
| 163|0x00000000ea300000, 0x00000000ea400000, 0x00000000ea400000|100%| E|CS|TAMS 0x00000000ea300000| PB 0x00000000ea300000| Complete 
| 164|0x00000000ea400000, 0x00000000ea500000, 0x00000000ea500000|100%| E|CS|TAMS 0x00000000ea400000| PB 0x00000000ea400000| Complete 
| 165|0x00000000ea500000, 0x00000000ea600000, 0x00000000ea600000|100%| E|CS|TAMS 0x00000000ea500000| PB 0x00000000ea500000| Complete 
| 166|0x00000000ea600000, 0x00000000ea700000, 0x00000000ea700000|100%| E|CS|TAMS 0x00000000ea600000| PB 0x00000000ea600000| Complete 
| 167|0x00000000ea700000, 0x00000000ea800000, 0x00000000ea800000|100%| E|CS|TAMS 0x00000000ea700000| PB 0x00000000ea700000| Complete 
| 168|0x00000000ea800000, 0x00000000ea900000, 0x00000000ea900000|100%| E|CS|TAMS 0x00000000ea800000| PB 0x00000000ea800000| Complete 
| 169|0x00000000ea900000, 0x00000000eaa00000, 0x00000000eaa00000|100%| E|CS|TAMS 0x00000000ea900000| PB 0x00000000ea900000| Complete 
| 170|0x00000000eaa00000, 0x00000000eab00000, 0x00000000eab00000|100%| E|CS|TAMS 0x00000000eaa00000| PB 0x00000000eaa00000| Complete 
| 171|0x00000000eab00000, 0x00000000eac00000, 0x00000000eac00000|100%| E|CS|TAMS 0x00000000eab00000| PB 0x00000000eab00000| Complete 
| 172|0x00000000eac00000, 0x00000000ead00000, 0x00000000ead00000|100%| E|CS|TAMS 0x00000000eac00000| PB 0x00000000eac00000| Complete 
| 173|0x00000000ead00000, 0x00000000eae00000, 0x00000000eae00000|100%| E|CS|TAMS 0x00000000ead00000| PB 0x00000000ead00000| Complete 
| 174|0x00000000eae00000, 0x00000000eaf00000, 0x00000000eaf00000|100%| E|CS|TAMS 0x00000000eae00000| PB 0x00000000eae00000| Complete 
| 175|0x00000000eaf00000, 0x00000000eb000000, 0x00000000eb000000|100%| E|CS|TAMS 0x00000000eaf00000| PB 0x00000000eaf00000| Complete 
| 176|0x00000000eb000000, 0x00000000eb100000, 0x00000000eb100000|100%| E|CS|TAMS 0x00000000eb000000| PB 0x00000000eb000000| Complete 
| 177|0x00000000eb100000, 0x00000000eb200000, 0x00000000eb200000|100%| E|CS|TAMS 0x00000000eb100000| PB 0x00000000eb100000| Complete 
| 178|0x00000000eb200000, 0x00000000eb300000, 0x00000000eb300000|100%| E|CS|TAMS 0x00000000eb200000| PB 0x00000000eb200000| Complete 
| 179|0x00000000eb300000, 0x00000000eb400000, 0x00000000eb400000|100%| E|CS|TAMS 0x00000000eb300000| PB 0x00000000eb300000| Complete 
| 180|0x00000000eb400000, 0x00000000eb500000, 0x00000000eb500000|100%| E|CS|TAMS 0x00000000eb400000| PB 0x00000000eb400000| Complete 
| 181|0x00000000eb500000, 0x00000000eb600000, 0x00000000eb600000|100%| E|CS|TAMS 0x00000000eb500000| PB 0x00000000eb500000| Complete 
| 182|0x00000000eb600000, 0x00000000eb700000, 0x00000000eb700000|100%| E|CS|TAMS 0x00000000eb600000| PB 0x00000000eb600000| Complete 
| 183|0x00000000eb700000, 0x00000000eb800000, 0x00000000eb800000|100%| E|CS|TAMS 0x00000000eb700000| PB 0x00000000eb700000| Complete 
| 184|0x00000000eb800000, 0x00000000eb900000, 0x00000000eb900000|100%| E|CS|TAMS 0x00000000eb800000| PB 0x00000000eb800000| Complete 
| 185|0x00000000eb900000, 0x00000000eba00000, 0x00000000eba00000|100%| E|CS|TAMS 0x00000000eb900000| PB 0x00000000eb900000| Complete 
| 186|0x00000000eba00000, 0x00000000ebb00000, 0x00000000ebb00000|100%| E|CS|TAMS 0x00000000eba00000| PB 0x00000000eba00000| Complete 
| 187|0x00000000ebb00000, 0x00000000ebc00000, 0x00000000ebc00000|100%| E|CS|TAMS 0x00000000ebb00000| PB 0x00000000ebb00000| Complete 
| 188|0x00000000ebc00000, 0x00000000ebd00000, 0x00000000ebd00000|100%| E|CS|TAMS 0x00000000ebc00000| PB 0x00000000ebc00000| Complete 
| 189|0x00000000ebd00000, 0x00000000ebe00000, 0x00000000ebe00000|100%| E|CS|TAMS 0x00000000ebd00000| PB 0x00000000ebd00000| Complete 
| 190|0x00000000ebe00000, 0x00000000ebf00000, 0x00000000ebf00000|100%| E|CS|TAMS 0x00000000ebe00000| PB 0x00000000ebe00000| Complete 
| 191|0x00000000ebf00000, 0x00000000ec000000, 0x00000000ec000000|100%| E|CS|TAMS 0x00000000ebf00000| PB 0x00000000ebf00000| Complete 
| 192|0x00000000ec000000, 0x00000000ec100000, 0x00000000ec100000|100%| E|CS|TAMS 0x00000000ec000000| PB 0x00000000ec000000| Complete 
| 193|0x00000000ec100000, 0x00000000ec200000, 0x00000000ec200000|100%| E|CS|TAMS 0x00000000ec100000| PB 0x00000000ec100000| Complete 
| 194|0x00000000ec200000, 0x00000000ec300000, 0x00000000ec300000|100%| E|CS|TAMS 0x00000000ec200000| PB 0x00000000ec200000| Complete 
| 195|0x00000000ec300000, 0x00000000ec400000, 0x00000000ec400000|100%| E|CS|TAMS 0x00000000ec300000| PB 0x00000000ec300000| Complete 
| 196|0x00000000ec400000, 0x00000000ec500000, 0x00000000ec500000|100%| E|CS|TAMS 0x00000000ec400000| PB 0x00000000ec400000| Complete 
| 197|0x00000000ec500000, 0x00000000ec600000, 0x00000000ec600000|100%| E|CS|TAMS 0x00000000ec500000| PB 0x00000000ec500000| Complete 
| 198|0x00000000ec600000, 0x00000000ec700000, 0x00000000ec700000|100%| E|CS|TAMS 0x00000000ec600000| PB 0x00000000ec600000| Complete 
| 199|0x00000000ec700000, 0x00000000ec800000, 0x00000000ec800000|100%| E|CS|TAMS 0x00000000ec700000| PB 0x00000000ec700000| Complete 
| 200|0x00000000ec800000, 0x00000000ec900000, 0x00000000ec900000|100%| E|CS|TAMS 0x00000000ec800000| PB 0x00000000ec800000| Complete 
| 201|0x00000000ec900000, 0x00000000eca00000, 0x00000000eca00000|100%| E|CS|TAMS 0x00000000ec900000| PB 0x00000000ec900000| Complete 
| 202|0x00000000eca00000, 0x00000000ecb00000, 0x00000000ecb00000|100%| E|CS|TAMS 0x00000000eca00000| PB 0x00000000eca00000| Complete 
| 203|0x00000000ecb00000, 0x00000000ecc00000, 0x00000000ecc00000|100%| E|CS|TAMS 0x00000000ecb00000| PB 0x00000000ecb00000| Complete 
| 204|0x00000000ecc00000, 0x00000000ecd00000, 0x00000000ecd00000|100%| E|CS|TAMS 0x00000000ecc00000| PB 0x00000000ecc00000| Complete 
| 205|0x00000000ecd00000, 0x00000000ece00000, 0x00000000ece00000|100%| E|CS|TAMS 0x00000000ecd00000| PB 0x00000000ecd00000| Complete 
| 206|0x00000000ece00000, 0x00000000ecf00000, 0x00000000ecf00000|100%| E|CS|TAMS 0x00000000ece00000| PB 0x00000000ece00000| Complete 
| 207|0x00000000ecf00000, 0x00000000ed000000, 0x00000000ed000000|100%| E|CS|TAMS 0x00000000ecf00000| PB 0x00000000ecf00000| Complete 
| 208|0x00000000ed000000, 0x00000000ed100000, 0x00000000ed100000|100%| E|CS|TAMS 0x00000000ed000000| PB 0x00000000ed000000| Complete 
| 209|0x00000000ed100000, 0x00000000ed200000, 0x00000000ed200000|100%| E|CS|TAMS 0x00000000ed100000| PB 0x00000000ed100000| Complete 
| 210|0x00000000ed200000, 0x00000000ed300000, 0x00000000ed300000|100%| E|CS|TAMS 0x00000000ed200000| PB 0x00000000ed200000| Complete 
| 211|0x00000000ed300000, 0x00000000ed400000, 0x00000000ed400000|100%| E|CS|TAMS 0x00000000ed300000| PB 0x00000000ed300000| Complete 
| 212|0x00000000ed400000, 0x00000000ed500000, 0x00000000ed500000|100%| E|CS|TAMS 0x00000000ed400000| PB 0x00000000ed400000| Complete 
| 213|0x00000000ed500000, 0x00000000ed600000, 0x00000000ed600000|100%| E|CS|TAMS 0x00000000ed500000| PB 0x00000000ed500000| Complete 
| 214|0x00000000ed600000, 0x00000000ed700000, 0x00000000ed700000|100%| E|CS|TAMS 0x00000000ed600000| PB 0x00000000ed600000| Complete 
| 215|0x00000000ed700000, 0x00000000ed800000, 0x00000000ed800000|100%| E|CS|TAMS 0x00000000ed700000| PB 0x00000000ed700000| Complete 
| 216|0x00000000ed800000, 0x00000000ed900000, 0x00000000ed900000|100%| E|CS|TAMS 0x00000000ed800000| PB 0x00000000ed800000| Complete 
| 217|0x00000000ed900000, 0x00000000eda00000, 0x00000000eda00000|100%| E|CS|TAMS 0x00000000ed900000| PB 0x00000000ed900000| Complete 
| 218|0x00000000eda00000, 0x00000000edb00000, 0x00000000edb00000|100%| E|CS|TAMS 0x00000000eda00000| PB 0x00000000eda00000| Complete 
| 219|0x00000000edb00000, 0x00000000edc00000, 0x00000000edc00000|100%| E|CS|TAMS 0x00000000edb00000| PB 0x00000000edb00000| Complete 
| 220|0x00000000edc00000, 0x00000000edd00000, 0x00000000edd00000|100%| E|CS|TAMS 0x00000000edc00000| PB 0x00000000edc00000| Complete 
| 221|0x00000000edd00000, 0x00000000ede00000, 0x00000000ede00000|100%| E|CS|TAMS 0x00000000edd00000| PB 0x00000000edd00000| Complete 
| 222|0x00000000ede00000, 0x00000000edf00000, 0x00000000edf00000|100%| E|CS|TAMS 0x00000000ede00000| PB 0x00000000ede00000| Complete 
| 223|0x00000000edf00000, 0x00000000ee000000, 0x00000000ee000000|100%| E|CS|TAMS 0x00000000edf00000| PB 0x00000000edf00000| Complete 
| 224|0x00000000ee000000, 0x00000000ee100000, 0x00000000ee100000|100%| E|CS|TAMS 0x00000000ee000000| PB 0x00000000ee000000| Complete 
| 225|0x00000000ee100000, 0x00000000ee200000, 0x00000000ee200000|100%| E|CS|TAMS 0x00000000ee100000| PB 0x00000000ee100000| Complete 
| 226|0x00000000ee200000, 0x00000000ee300000, 0x00000000ee300000|100%| E|CS|TAMS 0x00000000ee200000| PB 0x00000000ee200000| Complete 
| 227|0x00000000ee300000, 0x00000000ee400000, 0x00000000ee400000|100%| E|CS|TAMS 0x00000000ee300000| PB 0x00000000ee300000| Complete 
| 228|0x00000000ee400000, 0x00000000ee500000, 0x00000000ee500000|100%| E|CS|TAMS 0x00000000ee400000| PB 0x00000000ee400000| Complete 
| 229|0x00000000ee500000, 0x00000000ee600000, 0x00000000ee600000|100%| E|CS|TAMS 0x00000000ee500000| PB 0x00000000ee500000| Complete 
| 230|0x00000000ee600000, 0x00000000ee700000, 0x00000000ee700000|100%| E|CS|TAMS 0x00000000ee600000| PB 0x00000000ee600000| Complete 
| 231|0x00000000ee700000, 0x00000000ee800000, 0x00000000ee800000|100%| E|CS|TAMS 0x00000000ee700000| PB 0x00000000ee700000| Complete 
| 232|0x00000000ee800000, 0x00000000ee900000, 0x00000000ee900000|100%| E|CS|TAMS 0x00000000ee800000| PB 0x00000000ee800000| Complete 
| 233|0x00000000ee900000, 0x00000000eea00000, 0x00000000eea00000|100%| E|CS|TAMS 0x00000000ee900000| PB 0x00000000ee900000| Complete 
| 234|0x00000000eea00000, 0x00000000eeb00000, 0x00000000eeb00000|100%| E|CS|TAMS 0x00000000eea00000| PB 0x00000000eea00000| Complete 
| 235|0x00000000eeb00000, 0x00000000eec00000, 0x00000000eec00000|100%| E|CS|TAMS 0x00000000eeb00000| PB 0x00000000eeb00000| Complete 
| 236|0x00000000eec00000, 0x00000000eed00000, 0x00000000eed00000|100%| E|CS|TAMS 0x00000000eec00000| PB 0x00000000eec00000| Complete 
| 237|0x00000000eed00000, 0x00000000eee00000, 0x00000000eee00000|100%| E|CS|TAMS 0x00000000eed00000| PB 0x00000000eed00000| Complete 
| 238|0x00000000eee00000, 0x00000000eef00000, 0x00000000eef00000|100%| E|CS|TAMS 0x00000000eee00000| PB 0x00000000eee00000| Complete 
| 239|0x00000000eef00000, 0x00000000ef000000, 0x00000000ef000000|100%| E|CS|TAMS 0x00000000eef00000| PB 0x00000000eef00000| Complete 
| 240|0x00000000ef000000, 0x00000000ef100000, 0x00000000ef100000|100%| E|CS|TAMS 0x00000000ef000000| PB 0x00000000ef000000| Complete 
| 241|0x00000000ef100000, 0x00000000ef200000, 0x00000000ef200000|100%| E|CS|TAMS 0x00000000ef100000| PB 0x00000000ef100000| Complete 
| 242|0x00000000ef200000, 0x00000000ef300000, 0x00000000ef300000|100%| E|CS|TAMS 0x00000000ef200000| PB 0x00000000ef200000| Complete 
| 243|0x00000000ef300000, 0x00000000ef400000, 0x00000000ef400000|100%| E|CS|TAMS 0x00000000ef300000| PB 0x00000000ef300000| Complete 
| 244|0x00000000ef400000, 0x00000000ef500000, 0x00000000ef500000|100%| E|CS|TAMS 0x00000000ef400000| PB 0x00000000ef400000| Complete 
| 245|0x00000000ef500000, 0x00000000ef600000, 0x00000000ef600000|100%| E|CS|TAMS 0x00000000ef500000| PB 0x00000000ef500000| Complete 
| 246|0x00000000ef600000, 0x00000000ef700000, 0x00000000ef700000|100%| E|CS|TAMS 0x00000000ef600000| PB 0x00000000ef600000| Complete 
| 247|0x00000000ef700000, 0x00000000ef800000, 0x00000000ef800000|100%| E|CS|TAMS 0x00000000ef700000| PB 0x00000000ef700000| Complete 
| 248|0x00000000ef800000, 0x00000000ef900000, 0x00000000ef900000|100%| E|CS|TAMS 0x00000000ef800000| PB 0x00000000ef800000| Complete 
| 249|0x00000000ef900000, 0x00000000efa00000, 0x00000000efa00000|100%| E|CS|TAMS 0x00000000ef900000| PB 0x00000000ef900000| Complete 
| 250|0x00000000efa00000, 0x00000000efb00000, 0x00000000efb00000|100%| E|CS|TAMS 0x00000000efa00000| PB 0x00000000efa00000| Complete 
| 251|0x00000000efb00000, 0x00000000efc00000, 0x00000000efc00000|100%| E|CS|TAMS 0x00000000efb00000| PB 0x00000000efb00000| Complete 
| 252|0x00000000efc00000, 0x00000000efd00000, 0x00000000efd00000|100%| E|CS|TAMS 0x00000000efc00000| PB 0x00000000efc00000| Complete 
| 253|0x00000000efd00000, 0x00000000efe00000, 0x00000000efe00000|100%| E|CS|TAMS 0x00000000efd00000| PB 0x00000000efd00000| Complete 
| 254|0x00000000efe00000, 0x00000000eff00000, 0x00000000eff00000|100%| E|CS|TAMS 0x00000000efe00000| PB 0x00000000efe00000| Complete 
| 255|0x00000000eff00000, 0x00000000f0000000, 0x00000000f0000000|100%| E|CS|TAMS 0x00000000eff00000| PB 0x00000000eff00000| Complete 

Card table byte_map: [0x000001c17e8b0000,0x000001c17e9b0000] _byte_map_base: 0x000001c17e1b0000

Marking Bits: (CMBitMap*) 0x000001c17e80f850
 Bits: [0x000001c17e9b0000, 0x000001c17f1b0000)

Polling page: 0x000001c17c6d0000

Metaspace:

Usage:
  Non-class:     60.48 MB used.
      Class:      9.85 MB used.
       Both:     70.33 MB used.

Virtual space:
  Non-class space:       64.00 MB reserved,      61.56 MB ( 96%) committed,  1 nodes.
      Class space:      320.00 MB reserved,      10.94 MB (  3%) committed,  1 nodes.
             Both:      384.00 MB reserved,      72.50 MB ( 19%) committed. 

Chunk freelists:
   Non-Class:  2.41 MB
       Class:  5.11 MB
        Both:  7.52 MB

MaxMetaspaceSize: 384.00 MB
CompressedClassSpaceSize: 320.00 MB
Initial GC threshold: 21.00 MB
Current GC threshold: 98.44 MB
CDS: on
 - commit_granule_bytes: 65536.
 - commit_granule_words: 8192.
 - virtual_space_node_default_size: 8388608.
 - enlarge_chunks_in_place: 1.
 - use_allocation_guard: 0.


Internal statistics:

num_allocs_failed_limit: 12.
num_arena_births: 3802.
num_arena_deaths: 0.
num_vsnodes_births: 2.
num_vsnodes_deaths: 0.
num_space_committed: 1160.
num_space_uncommitted: 0.
num_chunks_returned_to_freelist: 12.
num_chunks_taken_from_freelist: 7387.
num_chunk_merges: 12.
num_chunk_splits: 4721.
num_chunks_enlarged: 2811.
num_inconsistent_stats: 0.

CodeHeap 'non-profiled nmethods': size=120000Kb used=5959Kb max_used=5959Kb free=114040Kb
 bounds [0x000001c10fe90000, 0x000001c110470000, 0x000001c1173c0000]
CodeHeap 'profiled nmethods': size=120000Kb used=20561Kb max_used=20561Kb free=99438Kb
 bounds [0x000001c1083c0000, 0x000001c1097e0000, 0x000001c10f8f0000]
CodeHeap 'non-nmethods': size=5760Kb used=2780Kb max_used=2820Kb free=2979Kb
 bounds [0x000001c10f8f0000, 0x000001c10fbc0000, 0x000001c10fe90000]
 total_blobs=11223 nmethods=10322 adapters=804
 compilation: enabled
              stopped_count=0, restarted_count=0
 full_count=0

Compilation events (20 events):
Event: 44.315 Thread 0x000001c17f7d2d60 nmethod 11053 0x000001c1097d2710 code [0x000001c1097d28e0, 0x000001c1097d2ca8]
Event: 44.315 Thread 0x000001c17f7d2d60 11055       3       jdk.internal.reflect.ClassFileAssembler::incStack (11 bytes)
Event: 44.315 Thread 0x000001c17f7d2d60 nmethod 11055 0x000001c1097d2e10 code [0x000001c1097d2fc0, 0x000001c1097d3180]
Event: 44.317 Thread 0x000001c17f7cdf00 nmethod 11051 0x000001c11045ed90 code [0x000001c11045ef40, 0x000001c11045f0f0]
Event: 44.317 Thread 0x000001c17f7cdf00 11052   !   4       jdk.internal.reflect.UTF8::encode (191 bytes)
Event: 44.319 Thread 0x000001c17f7d2d60 11056       3       java.lang.invoke.VarHandleByteArrayAsShorts$ArrayHandle::set (39 bytes)
Event: 44.319 Thread 0x000001c17f7d2d60 nmethod 11056 0x000001c1097d3210 code [0x000001c1097d33e0, 0x000001c1097d37b8]
Event: 44.319 Thread 0x000001c17f7d2d60 11057       3       jdk.internal.misc.Unsafe::putShortUnaligned (14 bytes)
Event: 44.320 Thread 0x000001c17f7d2d60 nmethod 11057 0x000001c1097d3990 code [0x000001c1097d3b40, 0x000001c1097d3d80]
Event: 44.320 Thread 0x000001c17f7d2d60 11058       3       jdk.internal.misc.Unsafe::putShortUnaligned (37 bytes)
Event: 44.320 Thread 0x000001c17f7d2d60 nmethod 11058 0x000001c1097d3e90 code [0x000001c1097d4040, 0x000001c1097d4288]
Event: 44.320 Thread 0x000001c17f7d2d60 11060       3       java.io.ObjectStreamClass::requireInitialized (19 bytes)
Event: 44.321 Thread 0x000001c17f7d2d60 nmethod 11060 0x000001c1097d4310 code [0x000001c1097d44c0, 0x000001c1097d46d0]
Event: 44.321 Thread 0x000001c17f7d2d60 11061       1       com.google.common.collect.ImmutableSortedSet::comparator (5 bytes)
Event: 44.321 Thread 0x000001c17f7d2d60 nmethod 11061 0x000001c11045f710 code [0x000001c11045f8a0, 0x000001c11045f968]
Event: 44.343 Thread 0x000001c17f7cdf00 nmethod 11052 0x000001c11045fa10 code [0x000001c11045fbe0, 0x000001c110460090]
Event: 44.343 Thread 0x000001c17f7cdf00 11054       4       jdk.internal.reflect.ClassFileAssembler::emitConstantPoolUTF8 (50 bytes)
Event: 44.376 Thread 0x000001c17f7cdf00 nmethod 11054 0x000001c110460490 code [0x000001c110460700, 0x000001c1104610f0]
Event: 44.377 Thread 0x000001c17f7cdf00 11062       4       java.lang.invoke.DelegatingMethodHandle::makeReinvokerForm (10 bytes)
Event: 44.378 Thread 0x000001c17f7cdf00 nmethod 11062 0x000001c110461a10 code [0x000001c110461ba0, 0x000001c110461c40]

GC Heap History (17 events):
Event: 0.838 GC heap before
{Heap before GC invocations=0 (full 0):
 garbage-first heap   total 262144K, used 13312K [0x00000000e0000000, 0x0000000100000000)
  region size 1024K, 13 young (13312K), 0 survivors (0K)
 Metaspace       used 795K, committed 960K, reserved 393216K
  class space    used 67K, committed 128K, reserved 327680K
}
Event: 0.851 GC heap after
{Heap after GC invocations=1 (full 0):
 garbage-first heap   total 262144K, used 1316K [0x00000000e0000000, 0x0000000100000000)
  region size 1024K, 2 young (2048K), 2 survivors (2048K)
 Metaspace       used 795K, committed 960K, reserved 393216K
  class space    used 67K, committed 128K, reserved 327680K
}
Event: 2.915 GC heap before
{Heap before GC invocations=1 (full 0):
 garbage-first heap   total 262144K, used 28964K [0x00000000e0000000, 0x0000000100000000)
  region size 1024K, 27 young (27648K), 2 survivors (2048K)
 Metaspace       used 3595K, committed 3776K, reserved 393216K
  class space    used 448K, committed 512K, reserved 327680K
}
Event: 2.921 GC heap after
{Heap after GC invocations=2 (full 0):
 garbage-first heap   total 262144K, used 10231K [0x00000000e0000000, 0x0000000100000000)
  region size 1024K, 4 young (4096K), 4 survivors (4096K)
 Metaspace       used 3595K, committed 3776K, reserved 393216K
  class space    used 448K, committed 512K, reserved 327680K
}
Event: 9.863 GC heap before
{Heap before GC invocations=2 (full 0):
 garbage-first heap   total 262144K, used 162807K [0x00000000e0000000, 0x0000000100000000)
  region size 1024K, 153 young (156672K), 4 survivors (4096K)
 Metaspace       used 20860K, committed 21504K, reserved 393216K
  class space    used 2990K, committed 3328K, reserved 327680K
}
Event: 9.891 GC heap after
{Heap after GC invocations=3 (full 0):
 garbage-first heap   total 262144K, used 23857K [0x00000000e0000000, 0x0000000100000000)
  region size 1024K, 17 young (17408K), 17 survivors (17408K)
 Metaspace       used 20860K, committed 21504K, reserved 393216K
  class space    used 2990K, committed 3328K, reserved 327680K
}
Event: 13.810 GC heap before
{Heap before GC invocations=4 (full 0):
 garbage-first heap   total 262144K, used 107825K [0x00000000e0000000, 0x0000000100000000)
  region size 1024K, 100 young (102400K), 17 survivors (17408K)
 Metaspace       used 32622K, committed 33536K, reserved 393216K
  class space    used 4570K, committed 4992K, reserved 327680K
}
Event: 13.843 GC heap after
{Heap after GC invocations=5 (full 0):
 garbage-first heap   total 262144K, used 31638K [0x00000000e0000000, 0x0000000100000000)
  region size 1024K, 8 young (8192K), 8 survivors (8192K)
 Metaspace       used 32622K, committed 33536K, reserved 393216K
  class space    used 4570K, committed 4992K, reserved 327680K
}
Event: 14.902 GC heap before
{Heap before GC invocations=5 (full 0):
 garbage-first heap   total 262144K, used 56214K [0x00000000e0000000, 0x0000000100000000)
  region size 1024K, 28 young (28672K), 8 survivors (8192K)
 Metaspace       used 34916K, committed 35968K, reserved 393216K
  class space    used 4779K, committed 5312K, reserved 327680K
}
Event: 14.915 GC heap after
{Heap after GC invocations=6 (full 0):
 garbage-first heap   total 262144K, used 33443K [0x00000000e0000000, 0x0000000100000000)
  region size 1024K, 3 young (3072K), 3 survivors (3072K)
 Metaspace       used 34916K, committed 35968K, reserved 393216K
  class space    used 4779K, committed 5312K, reserved 327680K
}
Event: 22.431 GC heap before
{Heap before GC invocations=7 (full 0):
 garbage-first heap   total 262144K, used 188067K [0x00000000e0000000, 0x0000000100000000)
  region size 1024K, 153 young (156672K), 3 survivors (3072K)
 Metaspace       used 50514K, committed 52224K, reserved 393216K
  class space    used 7118K, committed 7936K, reserved 327680K
}
Event: 22.449 GC heap after
{Heap after GC invocations=8 (full 0):
 garbage-first heap   total 262144K, used 42234K [0x00000000e0000000, 0x0000000100000000)
  region size 1024K, 12 young (12288K), 12 survivors (12288K)
 Metaspace       used 50514K, committed 52224K, reserved 393216K
  class space    used 7118K, committed 7936K, reserved 327680K
}
Event: 31.679 GC heap before
{Heap before GC invocations=8 (full 0):
 garbage-first heap   total 262144K, used 173306K [0x00000000e0000000, 0x0000000100000000)
  region size 1024K, 141 young (144384K), 12 survivors (12288K)
 Metaspace       used 58121K, committed 60096K, reserved 393216K
  class space    used 8167K, committed 9152K, reserved 327680K
}
Event: 31.719 GC heap after
{Heap after GC invocations=9 (full 0):
 garbage-first heap   total 262144K, used 51900K [0x00000000e0000000, 0x0000000100000000)
  region size 1024K, 19 young (19456K), 19 survivors (19456K)
 Metaspace       used 58121K, committed 60096K, reserved 393216K
  class space    used 8167K, committed 9152K, reserved 327680K
}
Event: 32.390 GC heap before
{Heap before GC invocations=9 (full 0):
 garbage-first heap   total 262144K, used 69308K [0x00000000e0000000, 0x0000000100000000)
  region size 1024K, 37 young (37888K), 19 survivors (19456K)
 Metaspace       used 58376K, committed 60416K, reserved 393216K
  class space    used 8176K, committed 9216K, reserved 327680K
}
Event: 32.418 GC heap after
{Heap after GC invocations=10 (full 0):
 garbage-first heap   total 262144K, used 54749K [0x00000000e0000000, 0x0000000100000000)
  region size 1024K, 12 young (12288K), 12 survivors (12288K)
 Metaspace       used 58376K, committed 60416K, reserved 393216K
  class space    used 8176K, committed 9216K, reserved 327680K
}
Event: 44.378 GC heap before
{Heap before GC invocations=11 (full 0):
 garbage-first heap   total 262144K, used 198109K [0x00000000e0000000, 0x0000000100000000)
  region size 1024K, 153 young (156672K), 12 survivors (12288K)
 Metaspace       used 72020K, committed 74240K, reserved 393216K
  class space    used 10089K, committed 11200K, reserved 327680K
}

Dll operation events (15 events):
Event: 0.022 Loaded shared library C:\Program Files\Java\jdk-21\bin\java.dll
Event: 0.086 Loaded shared library C:\Program Files\Java\jdk-21\bin\jsvml.dll
Event: 0.234 Loaded shared library C:\Program Files\Java\jdk-21\bin\zip.dll
Event: 0.243 Loaded shared library C:\Program Files\Java\jdk-21\bin\instrument.dll
Event: 0.252 Loaded shared library C:\Program Files\Java\jdk-21\bin\net.dll
Event: 0.257 Loaded shared library C:\Program Files\Java\jdk-21\bin\nio.dll
Event: 0.266 Loaded shared library C:\Program Files\Java\jdk-21\bin\zip.dll
Event: 1.082 Loaded shared library C:\Program Files\Java\jdk-21\bin\jimage.dll
Event: 1.632 Loaded shared library C:\Program Files\Java\jdk-21\bin\verify.dll
Event: 2.131 Loaded shared library C:\Users\daniel\.gradle\native\1def1411415f61bf3af743bc5b6707747c0891f09f0c88961ee8f79bc544acac\windows-amd64\native-platform.dll
Event: 2.157 Loaded shared library C:\Users\daniel\.gradle\native\0.2.6\x86_64-windows-gnu\gradle-fileevents.dll
Event: 5.591 Loaded shared library C:\Program Files\Java\jdk-21\bin\management.dll
Event: 5.604 Loaded shared library C:\Program Files\Java\jdk-21\bin\management_ext.dll
Event: 5.937 Loaded shared library C:\Program Files\Java\jdk-21\bin\extnet.dll
Event: 6.318 Loaded shared library C:\Program Files\Java\jdk-21\bin\sunmscapi.dll

Deoptimization events (20 events):
Event: 44.302 Thread 0x000001c137b0ea00 DEOPT PACKING pc=0x000001c108c8fb44 sp=0x00000063c16fd590
Event: 44.302 Thread 0x000001c137b0ea00 DEOPT UNPACKING pc=0x000001c10f944e42 sp=0x00000063c16fca08 mode 0
Event: 44.304 Thread 0x000001c137b0ea00 DEOPT PACKING pc=0x000001c108ec8524 sp=0x00000063c16fda20
Event: 44.304 Thread 0x000001c137b0ea00 DEOPT UNPACKING pc=0x000001c10f944e42 sp=0x00000063c16fcf10 mode 0
Event: 44.307 Thread 0x000001c13465ca70 Uncommon trap: trap_request=0xffffff76 fr.pc=0x000001c110415d88 relative=0x0000000000000dc8
Event: 44.307 Thread 0x000001c13465ca70 Uncommon trap: reason=predicate action=maybe_recompile pc=0x000001c110415d88 method=java.util.ComparableTimSort.binarySort([Ljava/lang/Object;III)V @ 34 c2
Event: 44.307 Thread 0x000001c13465ca70 DEOPT PACKING pc=0x000001c110415d88 sp=0x00000063bd6fd8c0
Event: 44.307 Thread 0x000001c13465ca70 DEOPT UNPACKING pc=0x000001c10f9446a2 sp=0x00000063bd6fd8a8 mode 2
Event: 44.307 Thread 0x000001c137b0ea00 Uncommon trap: trap_request=0xffffffde fr.pc=0x000001c1100e5d40 relative=0x0000000000000280
Event: 44.307 Thread 0x000001c137b0ea00 Uncommon trap: reason=class_check action=maybe_recompile pc=0x000001c1100e5d40 method=java.util.stream.StreamOpFlag.fromCharacteristics(Ljava/util/Spliterator;)I @ 14 c2
Event: 44.307 Thread 0x000001c137b0ea00 DEOPT PACKING pc=0x000001c1100e5d40 sp=0x00000063c16fd380
Event: 44.307 Thread 0x000001c137b0ea00 DEOPT UNPACKING pc=0x000001c10f9446a2 sp=0x00000063c16fd268 mode 2
Event: 44.316 Thread 0x000001c13465ca70 Uncommon trap: trap_request=0xffffff45 fr.pc=0x000001c11032c470 relative=0x00000000000005b0
Event: 44.316 Thread 0x000001c13465ca70 Uncommon trap: reason=unstable_if action=reinterpret pc=0x000001c11032c470 method=jdk.internal.reflect.DirectMethodHandleAccessor.checkArgumentCount(I[Ljava/lang/Object;)V @ 1 c2
Event: 44.316 Thread 0x000001c13465ca70 DEOPT PACKING pc=0x000001c11032c470 sp=0x00000063bd6fea80
Event: 44.316 Thread 0x000001c13465ca70 DEOPT UNPACKING pc=0x000001c10f9446a2 sp=0x00000063bd6fe9b0 mode 2
Event: 44.324 Thread 0x000001c137b0ea00 Uncommon trap: trap_request=0xffffff45 fr.pc=0x000001c1101d5edc relative=0x00000000000003dc
Event: 44.324 Thread 0x000001c137b0ea00 Uncommon trap: reason=unstable_if action=reinterpret pc=0x000001c1101d5edc method=sun.security.provider.DigestBase.engineUpdate([BII)V @ 1 c2
Event: 44.324 Thread 0x000001c137b0ea00 DEOPT PACKING pc=0x000001c1101d5edc sp=0x00000063c16fbd10
Event: 44.325 Thread 0x000001c137b0ea00 DEOPT UNPACKING pc=0x000001c10f9446a2 sp=0x00000063c16fbcc8 mode 2

Classes loaded (20 events):
Event: 42.989 Loading class java/lang/invoke/MethodHandleImpl$Makers$3
Event: 42.989 Loading class java/lang/invoke/MethodHandleImpl$Makers$3 done
Event: 42.994 Loading class java/lang/runtime/ObjectMethods$1
Event: 42.994 Loading class java/lang/runtime/ObjectMethods$1 done
Event: 43.002 Loading class java/lang/invoke/DirectMethodHandle$1
Event: 43.003 Loading class java/lang/invoke/DirectMethodHandle$1 done
Event: 43.017 Loading class java/util/regex/Pattern$Pos
Event: 43.018 Loading class java/util/regex/Pattern$Pos done
Event: 43.030 Loading class java/util/function/ToIntBiFunction
Event: 43.030 Loading class java/util/function/ToIntBiFunction done
Event: 43.044 Loading class sun/nio/ch/ChannelOutputStream
Event: 43.045 Loading class sun/nio/ch/ChannelOutputStream done
Event: 43.396 Loading class java/util/EnumMap$Values
Event: 43.397 Loading class java/util/EnumMap$Values done
Event: 43.397 Loading class java/util/EnumMap$ValueIterator
Event: 43.398 Loading class java/util/EnumMap$ValueIterator done
Event: 43.657 Loading class java/util/PriorityQueue
Event: 43.670 Loading class java/util/PriorityQueue done
Event: 44.318 Loading class java/io/ObjectStreamClass$ExceptionInfo
Event: 44.318 Loading class java/io/ObjectStreamClass$ExceptionInfo done

Classes unloaded (0 events):
No events

Classes redefined (0 events):
No events

Internal exceptions (20 events):
Event: 43.006 Thread 0x000001c137b0ea00 Exception <a 'java/lang/NoSuchMethodError'{0x00000000e73acb48}: 'int java.lang.invoke.Invokers$Holder.linkToTargetMethod(java.lang.Object, java.lang.Object)'> (0x00000000e73acb48) 
thrown [s\open\src\hotspot\share\interpreter\linkResolver.cpp, line 773]
Event: 43.039 Thread 0x000001c137b0ea00 Exception <a 'sun/nio/fs/WindowsException'{0x00000000e7202200}> (0x00000000e7202200) 
thrown [s\open\src\hotspot\share\prims\jni.cpp, line 520]
Event: 43.055 Thread 0x000001c137b0ea00 Exception <a 'sun/nio/fs/WindowsException'{0x00000000e72218c0}> (0x00000000e72218c0) 
thrown [s\open\src\hotspot\share\prims\jni.cpp, line 520]
Event: 43.065 Thread 0x000001c137b0ea00 Exception <a 'sun/nio/fs/WindowsException'{0x00000000e722df10}> (0x00000000e722df10) 
thrown [s\open\src\hotspot\share\prims\jni.cpp, line 520]
Event: 43.081 Thread 0x000001c137b0ea00 Exception <a 'sun/nio/fs/WindowsException'{0x00000000e723fa98}> (0x00000000e723fa98) 
thrown [s\open\src\hotspot\share\prims\jni.cpp, line 520]
Event: 43.163 Thread 0x000001c137b0ea00 Exception <a 'sun/nio/fs/WindowsException'{0x00000000e72c8360}> (0x00000000e72c8360) 
thrown [s\open\src\hotspot\share\prims\jni.cpp, line 520]
Event: 43.185 Thread 0x000001c137b0ea00 Exception <a 'sun/nio/fs/WindowsException'{0x00000000e72e2e20}> (0x00000000e72e2e20) 
thrown [s\open\src\hotspot\share\prims\jni.cpp, line 520]
Event: 43.231 Thread 0x000001c137b0ea00 Exception <a 'sun/nio/fs/WindowsException'{0x00000000e717b048}> (0x00000000e717b048) 
thrown [s\open\src\hotspot\share\prims\jni.cpp, line 520]
Event: 43.233 Thread 0x000001c137b0ea00 Exception <a 'sun/nio/fs/WindowsException'{0x00000000e7195268}> (0x00000000e7195268) 
thrown [s\open\src\hotspot\share\prims\jni.cpp, line 520]
Event: 43.250 Thread 0x000001c137b0ea00 Exception <a 'sun/nio/fs/WindowsException'{0x00000000e71f7e08}> (0x00000000e71f7e08) 
thrown [s\open\src\hotspot\share\prims\jni.cpp, line 520]
Event: 43.348 Thread 0x000001c137b0ea00 Exception <a 'sun/nio/fs/WindowsException'{0x00000000e6e7b128}> (0x00000000e6e7b128) 
thrown [s\open\src\hotspot\share\prims\jni.cpp, line 520]
Event: 43.375 Thread 0x000001c137b0ea00 Exception <a 'sun/nio/fs/WindowsException'{0x00000000e6d29718}> (0x00000000e6d29718) 
thrown [s\open\src\hotspot\share\prims\jni.cpp, line 520]
Event: 43.918 Thread 0x000001c137b0ea00 Implicit null exception at 0x000001c11020f033 to 0x000001c11020fec4
Event: 44.306 Thread 0x000001c13465ca70 Exception <a 'java/lang/NoSuchMethodError'{0x00000000e68dd388}: static Lorg/gradle/internal/build/event/types/DefaultTaskFinishedProgressEvent;.<clinit>()V> (0x00000000e68dd388) 
thrown [s\open\src\hotspot\share\prims\jni.cpp, line 1111]
Event: 44.311 Thread 0x000001c13465ca70 Exception <a 'java/lang/NoSuchMethodError'{0x00000000e6701ad8}: static Lorg/gradle/internal/build/event/types/DefaultJavaCompileTaskSuccessResult;.<clinit>()V> (0x00000000e6701ad8) 
thrown [s\open\src\hotspot\share\prims\jni.cpp, line 1111]
Event: 44.312 Thread 0x000001c13465ca70 Exception <a 'java/lang/NoSuchMethodError'{0x00000000e6703330}: static Lorg/gradle/internal/build/event/types/DefaultTaskSuccessResult;.<clinit>()V> (0x00000000e6703330) 
thrown [s\open\src\hotspot\share\prims\jni.cpp, line 1111]
Event: 44.312 Thread 0x000001c13465ca70 Exception <a 'java/lang/NoSuchMethodError'{0x00000000e67044f0}: static Lorg/gradle/internal/build/event/types/AbstractTaskResult;.<clinit>()V> (0x00000000e67044f0) 
thrown [s\open\src\hotspot\share\prims\jni.cpp, line 1111]
Event: 44.312 Thread 0x000001c13465ca70 Exception <a 'java/lang/NoSuchMethodError'{0x00000000e6705a60}: static Lorg/gradle/internal/build/event/types/AbstractResult;.<clinit>()V> (0x00000000e6705a60) 
thrown [s\open\src\hotspot\share\prims\jni.cpp, line 1111]
Event: 44.316 Thread 0x000001c13465ca70 Implicit null exception at 0x000001c11032bf4c to 0x000001c11032c454
Event: 44.319 Thread 0x000001c13465ca70 Exception <a 'java/lang/NoSuchMethodError'{0x00000000e675d318}: static [Ljava/lang/Object;.<clinit>()V> (0x00000000e675d318) 
thrown [s\open\src\hotspot\share\prims\jni.cpp, line 1111]

ZGC Phase Switch (0 events):
No events

VM Operations (20 events):
Event: 42.666 Executing VM operation: Cleanup done
Event: 42.739 Executing VM operation: HandshakeAllThreads (Deoptimize)
Event: 42.739 Executing VM operation: HandshakeAllThreads (Deoptimize) done
Event: 42.751 Executing VM operation: HandshakeAllThreads (Deoptimize)
Event: 42.752 Executing VM operation: HandshakeAllThreads (Deoptimize) done
Event: 42.992 Executing VM operation: ICBufferFull
Event: 42.992 Executing VM operation: ICBufferFull done
Event: 43.309 Executing VM operation: ICBufferFull
Event: 43.309 Executing VM operation: ICBufferFull done
Event: 43.913 Executing VM operation: HandshakeAllThreads (Deoptimize)
Event: 43.913 Executing VM operation: HandshakeAllThreads (Deoptimize) done
Event: 44.275 Executing VM operation: HandshakeAllThreads (Deoptimize)
Event: 44.275 Executing VM operation: HandshakeAllThreads (Deoptimize) done
Event: 44.279 Executing VM operation: HandshakeAllThreads (Deoptimize)
Event: 44.279 Executing VM operation: HandshakeAllThreads (Deoptimize) done
Event: 44.299 Executing VM operation: HandshakeAllThreads (Deoptimize)
Event: 44.299 Executing VM operation: HandshakeAllThreads (Deoptimize) done
Event: 44.321 Executing VM operation: ICBufferFull
Event: 44.322 Executing VM operation: ICBufferFull done
Event: 44.378 Executing VM operation: G1CollectForAllocation (G1 Evacuation Pause)

Events (20 events):
Event: 36.234 Thread 0x000001c137b0ea00 Thread added: 0x000001c137b0ea00
Event: 36.262 Thread 0x000001c137b0a1d0 Thread added: 0x000001c137b0a1d0
Event: 36.262 Thread 0x000001c137b0f090 Thread added: 0x000001c137b0f090
Event: 36.262 Thread 0x000001c137b094b0 Thread added: 0x000001c137b094b0
Event: 36.371 Thread 0x000001c137b0cfc0 Thread added: 0x000001c137b0cfc0
Event: 37.142 Thread 0x000001c137b0f720 Thread added: 0x000001c137b0f720
Event: 37.148 Thread 0x000001c1331ba1b0 Thread exited: 0x000001c1331ba1b0
Event: 37.284 Thread 0x000001c137b08790 Thread added: 0x000001c137b08790
Event: 37.285 Thread 0x000001c137b0b580 Thread added: 0x000001c137b0b580
Event: 37.286 Thread 0x000001c137b0a860 Thread added: 0x000001c137b0a860
Event: 37.309 Thread 0x000001c137928ee0 Thread added: 0x000001c137928ee0
Event: 38.094 Thread 0x000001c137928ee0 Thread exited: 0x000001c137928ee0
Event: 39.404 Thread 0x000001c136e36350 Thread added: 0x000001c136e36350
Event: 40.552 Thread 0x000001c136e36350 Thread exited: 0x000001c136e36350
Event: 40.858 Thread 0x000001c1388a7010 Thread added: 0x000001c1388a7010
Event: 41.090 Thread 0x000001c1388a7010 Thread exited: 0x000001c1388a7010
Event: 41.218 Thread 0x000001c1388a7010 Thread added: 0x000001c1388a7010
Event: 41.365 Thread 0x000001c1388a7010 Thread exited: 0x000001c1388a7010
Event: 44.130 Thread 0x000001c1373862e0 Thread added: 0x000001c1373862e0
Event: 44.304 Thread 0x000001c1373862e0 Thread exited: 0x000001c1373862e0


Dynamic libraries:
0x00007ff6bba00000 - 0x00007ff6bba10000 	C:\Program Files\Java\jdk-21\bin\java.exe
0x00007ffca6230000 - 0x00007ffca6428000 	C:\WINDOWS\SYSTEM32\ntdll.dll
0x00007ffc7f930000 - 0x00007ffc7f94a000 	C:\Program Files\Avast Software\Avast\aswhook.dll
0x00007ffca42e0000 - 0x00007ffca43a2000 	C:\WINDOWS\System32\KERNEL32.DLL
0x00007ffca3d00000 - 0x00007ffca3fff000 	C:\WINDOWS\System32\KERNELBASE.dll
0x00007ffca38d0000 - 0x00007ffca39d0000 	C:\WINDOWS\System32\ucrtbase.dll
0x00007ffc8abd0000 - 0x00007ffc8abe9000 	C:\Program Files\Java\jdk-21\bin\jli.dll
0x00007ffc8ab30000 - 0x00007ffc8ab4b000 	C:\Program Files\Java\jdk-21\bin\VCRUNTIME140.dll
0x00007ffca5f80000 - 0x00007ffca602f000 	C:\WINDOWS\System32\ADVAPI32.dll
0x00007ffca5e20000 - 0x00007ffca5ebe000 	C:\WINDOWS\System32\msvcrt.dll
0x00007ffca5010000 - 0x00007ffca50af000 	C:\WINDOWS\System32\sechost.dll
0x00007ffca6030000 - 0x00007ffca6153000 	C:\WINDOWS\System32\RPCRT4.dll
0x00007ffca3a40000 - 0x00007ffca3a67000 	C:\WINDOWS\System32\bcrypt.dll
0x00007ffca5260000 - 0x00007ffca53fd000 	C:\WINDOWS\System32\USER32.dll
0x00007ffca3a70000 - 0x00007ffca3a92000 	C:\WINDOWS\System32\win32u.dll
0x00007ffc8a3e0000 - 0x00007ffc8a67a000 	C:\WINDOWS\WinSxS\amd64_microsoft.windows.common-controls_6595b64144ccf1df_6.0.19041.4355_none_60b8b9eb71f62e16\COMCTL32.dll
0x00007ffca61c0000 - 0x00007ffca61eb000 	C:\WINDOWS\System32\GDI32.dll
0x00007ffca4090000 - 0x00007ffca41aa000 	C:\WINDOWS\System32\gdi32full.dll
0x00007ffca41b0000 - 0x00007ffca424d000 	C:\WINDOWS\System32\msvcp_win.dll
0x00007ffc90a50000 - 0x00007ffc90a5a000 	C:\WINDOWS\SYSTEM32\VERSION.dll
0x00007ffca4250000 - 0x00007ffca427f000 	C:\WINDOWS\System32\IMM32.DLL
0x00007ffc8d280000 - 0x00007ffc8d28c000 	C:\Program Files\Java\jdk-21\bin\vcruntime140_1.dll
0x00007ffc83ff0000 - 0x00007ffc8407e000 	C:\Program Files\Java\jdk-21\bin\msvcp140.dll
0x00007ffc1d4d0000 - 0x00007ffc1e1ea000 	C:\Program Files\Java\jdk-21\bin\server\jvm.dll
0x00007ffca5c80000 - 0x00007ffca5ceb000 	C:\WINDOWS\System32\WS2_32.dll
0x00007ffca3730000 - 0x00007ffca377b000 	C:\WINDOWS\SYSTEM32\POWRPROF.dll
0x00007ffc7df20000 - 0x00007ffc7df47000 	C:\WINDOWS\SYSTEM32\WINMM.dll
0x00007ffca3710000 - 0x00007ffca3722000 	C:\WINDOWS\SYSTEM32\UMPDC.dll
0x00007ffca1730000 - 0x00007ffca1742000 	C:\WINDOWS\SYSTEM32\kernel.appcore.dll
0x00007ffc8c630000 - 0x00007ffc8c63a000 	C:\Program Files\Java\jdk-21\bin\jimage.dll
0x00007ffc9d8f0000 - 0x00007ffc9dad4000 	C:\WINDOWS\SYSTEM32\DBGHELP.DLL
0x00007ffc9d8b0000 - 0x00007ffc9d8e4000 	C:\WINDOWS\SYSTEM32\dbgcore.DLL
0x00007ffca4000000 - 0x00007ffca4082000 	C:\WINDOWS\System32\bcryptPrimitives.dll
0x00007ffc8bec0000 - 0x00007ffc8becf000 	C:\Program Files\Java\jdk-21\bin\instrument.dll
0x00007ffc87140000 - 0x00007ffc8715f000 	C:\Program Files\Java\jdk-21\bin\java.dll
0x00007ffca4420000 - 0x00007ffca4b8d000 	C:\WINDOWS\System32\SHELL32.dll
0x00007ffca1930000 - 0x00007ffca20d4000 	C:\WINDOWS\SYSTEM32\windows.storage.dll
0x00007ffca55d0000 - 0x00007ffca5925000 	C:\WINDOWS\System32\combase.dll
0x00007ffca3150000 - 0x00007ffca317f000 	C:\WINDOWS\SYSTEM32\Wldp.dll
0x00007ffca5930000 - 0x00007ffca59fd000 	C:\WINDOWS\System32\OLEAUT32.dll
0x00007ffca5ec0000 - 0x00007ffca5f6d000 	C:\WINDOWS\System32\SHCORE.dll
0x00007ffca6160000 - 0x00007ffca61b5000 	C:\WINDOWS\System32\shlwapi.dll
0x00007ffca3800000 - 0x00007ffca3824000 	C:\WINDOWS\SYSTEM32\profapi.dll
0x00007ffc7eb00000 - 0x00007ffc7ebd7000 	C:\Program Files\Java\jdk-21\bin\jsvml.dll
0x00007ffc84340000 - 0x00007ffc84358000 	C:\Program Files\Java\jdk-21\bin\zip.dll
0x00007ffc8bcc0000 - 0x00007ffc8bcd0000 	C:\Program Files\Java\jdk-21\bin\net.dll
0x00007ffc997f0000 - 0x00007ffc998fa000 	C:\WINDOWS\SYSTEM32\WINHTTP.dll
0x00007ffca2f30000 - 0x00007ffca2f9a000 	C:\WINDOWS\system32\mswsock.dll
0x00007ffc84320000 - 0x00007ffc84336000 	C:\Program Files\Java\jdk-21\bin\nio.dll
0x00007ffc8b950000 - 0x00007ffc8b960000 	C:\Program Files\Java\jdk-21\bin\verify.dll
0x00007ffc84870000 - 0x00007ffc84897000 	C:\Users\daniel\.gradle\native\1def1411415f61bf3af743bc5b6707747c0891f09f0c88961ee8f79bc544acac\windows-amd64\native-platform.dll
0x00007ffc83b60000 - 0x00007ffc83bd8000 	C:\Users\daniel\.gradle\native\0.2.6\x86_64-windows-gnu\gradle-fileevents.dll
0x00007ffc9c170000 - 0x00007ffc9c17a000 	C:\Program Files\Java\jdk-21\bin\management.dll
0x00007ffc9c160000 - 0x00007ffc9c16b000 	C:\Program Files\Java\jdk-21\bin\management_ext.dll
0x00007ffca4410000 - 0x00007ffca4418000 	C:\WINDOWS\System32\PSAPI.DLL
0x00007ffca2c30000 - 0x00007ffca2c6b000 	C:\WINDOWS\SYSTEM32\IPHLPAPI.DLL
0x00007ffca5f70000 - 0x00007ffca5f78000 	C:\WINDOWS\System32\NSI.dll
0x00007ffc9c150000 - 0x00007ffc9c159000 	C:\Program Files\Java\jdk-21\bin\extnet.dll
0x00007ffca34a0000 - 0x00007ffca34b8000 	C:\WINDOWS\SYSTEM32\CRYPTSP.dll
0x00007ffca2870000 - 0x00007ffca28a4000 	C:\WINDOWS\system32\rsaenh.dll
0x00007ffca3780000 - 0x00007ffca37ae000 	C:\WINDOWS\SYSTEM32\USERENV.dll
0x00007ffca30c0000 - 0x00007ffca30cc000 	C:\WINDOWS\SYSTEM32\CRYPTBASE.dll
0x00007ffc9c140000 - 0x00007ffc9c14e000 	C:\Program Files\Java\jdk-21\bin\sunmscapi.dll
0x00007ffca3ba0000 - 0x00007ffca3cfc000 	C:\WINDOWS\System32\CRYPT32.dll
0x00007ffca31c0000 - 0x00007ffca31e7000 	C:\WINDOWS\SYSTEM32\ncrypt.dll
0x00007ffca3180000 - 0x00007ffca31bb000 	C:\WINDOWS\SYSTEM32\NTASN1.dll
0x00007ffc9c5f0000 - 0x00007ffc9c5f7000 	C:\WINDOWS\system32\wshunix.dll

dbghelp: loaded successfully - version: 4.0.5 - missing functions: none
symbol engine: initialized successfully - sym options: 0x614 - pdb path: .;C:\Program Files\Java\jdk-21\bin;C:\WINDOWS\SYSTEM32;C:\Program Files\Avast Software\Avast;C:\WINDOWS\WinSxS\amd64_microsoft.windows.common-controls_6595b64144ccf1df_6.0.19041.4355_none_60b8b9eb71f62e16;C:\Program Files\Java\jdk-21\bin\server;C:\Users\daniel\.gradle\native\1def1411415f61bf3af743bc5b6707747c0891f09f0c88961ee8f79bc544acac\windows-amd64;C:\Users\daniel\.gradle\native\0.2.6\x86_64-windows-gnu

VM Arguments:
jvm_args: --add-opens=java.base/java.lang=ALL-UNNAMED --add-opens=java.base/java.lang.invoke=ALL-UNNAMED --add-opens=java.base/java.util=ALL-UNNAMED --add-opens=java.prefs/java.util.prefs=ALL-UNNAMED --add-exports=jdk.compiler/com.sun.tools.javac.api=ALL-UNNAMED --add-exports=jdk.compiler/com.sun.tools.javac.util=ALL-UNNAMED --add-opens=java.base/java.util=ALL-UNNAMED --add-opens=java.prefs/java.util.prefs=ALL-UNNAMED --add-opens=java.base/java.nio.charset=ALL-UNNAMED --add-opens=java.base/java.net=ALL-UNNAMED --add-opens=java.base/java.util.concurrent.atomic=ALL-UNNAMED --add-opens=java.xml/javax.xml.namespace=ALL-UNNAMED -XX:MaxMetaspaceSize=384m -XX:+HeapDumpOnOutOfMemoryError -Xms256m -Xmx512m -Dfile.encoding=UTF-8 -Duser.country=MX -Duser.language=es -Duser.variant -javaagent:C:\Users\daniel\.gradle\wrapper\dists\gradle-8.12.1-bin\eumc4uhoysa37zql93vfjkxy0\gradle-8.12.1\lib\agents\gradle-instrumentation-agent-8.12.1.jar 
java_command: org.gradle.launcher.daemon.bootstrap.GradleDaemon 8.12.1
java_class_path (initial): C:\Users\daniel\.gradle\wrapper\dists\gradle-8.12.1-bin\eumc4uhoysa37zql93vfjkxy0\gradle-8.12.1\lib\gradle-daemon-main-8.12.1.jar
Launcher Type: SUN_STANDARD

[Global flags]
     intx CICompilerCount                          = 3                                         {product} {ergonomic}
   size_t CompressedClassSpaceSize                 = 335544320                                 {product} {ergonomic}
     uint ConcGCThreads                            = 1                                         {product} {ergonomic}
     uint G1ConcRefinementThreads                  = 4                                         {product} {ergonomic}
   size_t G1HeapRegionSize                         = 1048576                                   {product} {ergonomic}
    uintx GCDrainStackTargetSize                   = 64                                        {product} {ergonomic}
     bool HeapDumpOnOutOfMemoryError               = true                                   {manageable} {command line}
   size_t InitialHeapSize                          = 268435456                                 {product} {command line}
   size_t MarkStackSize                            = 4194304                                   {product} {ergonomic}
   size_t MaxHeapSize                              = 536870912                                 {product} {command line}
   size_t MaxMetaspaceSize                         = 402653184                                 {product} {command line}
   size_t MaxNewSize                               = 321912832                                 {product} {ergonomic}
   size_t MinHeapDeltaBytes                        = 1048576                                   {product} {ergonomic}
   size_t MinHeapSize                              = 268435456                                 {product} {command line}
    uintx NonNMethodCodeHeapSize                   = 5832780                                {pd product} {ergonomic}
    uintx NonProfiledCodeHeapSize                  = 122912730                              {pd product} {ergonomic}
    uintx ProfiledCodeHeapSize                     = 122912730                              {pd product} {ergonomic}
    uintx ReservedCodeCacheSize                    = 251658240                              {pd product} {ergonomic}
     bool SegmentedCodeCache                       = true                                      {product} {ergonomic}
   size_t SoftMaxHeapSize                          = 536870912                              {manageable} {ergonomic}
     bool UseCompressedOops                        = true                           {product lp64_product} {ergonomic}
     bool UseG1GC                                  = true                                      {product} {ergonomic}
     bool UseLargePagesIndividualAllocation        = false                                  {pd product} {ergonomic}

Logging:
Log output configuration:
 #0: stdout all=warning uptime,level,tags foldmultilines=false
 #1: stderr all=off uptime,level,tags foldmultilines=false

Environment Variables:
PATH=C:\Program Files\Python311\Scripts\;C:\Program Files\Python311\;C:\Program Files\Common Files\Oracle\Java\javapath;C:\WINDOWS\system32;C:\WINDOWS;C:\WINDOWS\System32\Wbem;C:\WINDOWS\System32\WindowsPowerShell\v1.0\;C:\WINDOWS\System32\OpenSSH\;C:\Users\daniel\AppData\Local\Programs\Python\Python313\Scripts\;C:\Program Files\nodejs\;C:\Program Files\Git\cmd;C:\Program Files\Docker\Docker\resources\bin;C:\Users\daniel\AppData\Local\Programs\Python\Launcher\;C:\Users\daniel\AppData\Local\Microsoft\WindowsApps;C:\Users\daniel\AppData\Local\Programs\Microsoft VS Code\bin;C:\Program Files\JetBrains\IntelliJ IDEA Community Edition 2024.3.2.1\bin;;C:\Users\daniel\AppData\Roaming\npm;C:\ffmpeg\bin;C:\Users\daniel\AppData\Local\Programs\Python\Python311;C:\Users\daniel\AppData\Local\Programs\Python\Python311\Scripts;C:\apache-maven-3.9.9\bin;C:\apache-maven-3.9.9;C:\Program Files\PostgreSQL\17;C:\Program Files\PostgreSQL\17\bin;
USERNAME=daniel
OS=Windows_NT
PROCESSOR_IDENTIFIER=Intel64 Family 6 Model 58 Stepping 9, GenuineIntel
TMP=C:\Users\daniel\AppData\Local\Temp
TEMP=C:\Users\daniel\AppData\Local\Temp




Periodic native trim disabled

---------------  S Y S T E M  ---------------

OS:
 Windows 10 , 64 bit Build 19041 (10.0.19041.5440)
OS uptime: 0 days 10:39 hours
Hyper-V role detected

CPU: total 4 (initial active 4) (2 cores per cpu, 2 threads per core) family 6 model 58 stepping 9 microcode 0x21, cx8, cmov, fxsr, ht, mmx, sse, sse2, sse3, ssse3, sse4.1, sse4.2, popcnt, tsc, tscinvbit, avx, aes, erms, clmul, vzeroupper, clflush, hv, rdtscp, f16c
Processor Information for all 4 processors :
  Max Mhz: 2901, Current Mhz: 2901, Mhz Limit: 2901

Memory: 4k page, system-wide physical 7998M (492M free)
TotalPageFile size 15974M (AvailPageFile size 1940M)
current process WorkingSet (physical memory assigned to process): 421M, peak: 436M
current process commit charge ("private bytes"): 499M, peak: 517M

vm_info: Java HotSpot(TM) 64-Bit Server VM (21.0.6+8-LTS-188) for windows-amd64 JRE (21.0.6+8-LTS-188), built on 2024-12-03T10:50:54Z by "mach5one" with MS VC++ 17.6 (VS2022)

END.
